2020-02-26 15:48:54,565 	 [INFO | test.py : line 27] >> Pipeline start
2020-02-26 15:48:54,566 	 [INFO | test.py : line 35] >> Using this configuration file = utils/configuration_files.csv
2020-02-26 15:49:10,379 	 [INFO | dataimport.py : line 53] >> site=90515 channelno=1 datatype=pressure  | Data is downloaded
2020-02-26 15:49:26,085 	 [INFO | dataimport.py : line 53] >> site=90516 channelno=1 datatype=pressure  | Data is downloaded
2020-02-26 15:49:41,846 	 [INFO | dataimport.py : line 53] >> site=90517 channelno=1 datatype=pressure  | Data is downloaded
2020-02-26 15:49:57,444 	 [INFO | dataimport.py : line 53] >> site=90518 channelno=1 datatype=pressure  | Data is downloaded
2020-02-26 15:50:13,253 	 [INFO | dataimport.py : line 53] >> site=90519 channelno=1 datatype=pressure  | Data is downloaded
2020-02-26 15:50:28,652 	 [INFO | dataimport.py : line 53] >> site=90520 channelno=1 datatype=pressure  | Data is downloaded
2020-02-26 15:50:44,406 	 [INFO | dataimport.py : line 53] >> site=90521 channelno=1 datatype=pressure  | Data is downloaded
2020-02-26 15:51:00,130 	 [INFO | dataimport.py : line 53] >> site=90522 channelno=1 datatype=pressure  | Data is downloaded
2020-02-26 15:51:15,829 	 [INFO | dataimport.py : line 53] >> site=90523 channelno=1 datatype=pressure  | Data is downloaded
2020-02-26 15:51:33,520 	 [INFO | dataimport.py : line 53] >> site=03805_PRV channelno=1 datatype=pressure  | Data is downloaded
2020-02-26 15:51:50,942 	 [INFO | dataimport.py : line 53] >> site=03805_PRV channelno=3 datatype=pressure  | Data is downloaded
2020-02-26 15:52:08,383 	 [INFO | dataimport.py : line 53] >> site=03805_PRV channelno=2 datatype=flow  | Data is downloaded
2020-02-26 15:52:26,023 	 [INFO | dataimport.py : line 53] >> site=3807 channelno=1 datatype=flow  | Data is downloaded
2020-02-26 15:52:44,086 	 [INFO | dataimport.py : line 53] >> site=03808_1 channelno=1 datatype=flow  | Data is downloaded
2020-02-26 15:53:02,040 	 [INFO | dataimport.py : line 53] >> site=03808_2 channelno=1 datatype=flow  | Data is downloaded
2020-02-26 15:53:20,055 	 [INFO | dataimport.py : line 53] >> site=3809 channelno=1 datatype=flow  | Data is downloaded
2020-02-26 15:53:38,027 	 [INFO | dataimport.py : line 53] >> site=3810 channelno=1 datatype=flow  | Data is downloaded
2020-02-26 15:53:55,969 	 [INFO | dataimport.py : line 53] >> site=3811 channelno=1 datatype=flow  | Data is downloaded
2020-02-26 15:54:13,907 	 [INFO | dataimport.py : line 53] >> site=3812 channelno=1 datatype=flow  | Data is downloaded
2020-02-26 15:54:31,477 	 [INFO | dataimport.py : line 53] >> site=03814_1 channelno=1 datatype=flow  | Data is downloaded
2020-02-26 15:54:49,188 	 [INFO | dataimport.py : line 53] >> site=03814_2 channelno=1 datatype=flow  | Data is downloaded
2020-02-26 15:54:49,290 	 [INFO | dataimport.py : line 70] >> Connect to mysql db succeed
2020-02-26 15:54:58,772 	 [INFO | dataimport.py : line 114] >> site=90515 channelno=1 datatype=pressure | Data is loaded
2020-02-26 15:55:09,690 	 [INFO | dataimport.py : line 114] >> site=90516 channelno=1 datatype=pressure | Data is loaded
2020-02-26 15:55:17,954 	 [INFO | dataimport.py : line 114] >> site=90517 channelno=1 datatype=pressure | Data is loaded
2020-02-26 15:55:27,247 	 [INFO | dataimport.py : line 114] >> site=90518 channelno=1 datatype=pressure | Data is loaded
2020-02-26 15:55:34,375 	 [INFO | dataimport.py : line 114] >> site=90519 channelno=1 datatype=pressure | Data is loaded
2020-02-26 15:55:34,377 	 [INFO | dataimport.py : line 114] >> site=90520 channelno=1 datatype=pressure | Data is loaded
2020-02-26 15:55:42,316 	 [INFO | dataimport.py : line 114] >> site=90521 channelno=1 datatype=pressure | Data is loaded
2020-02-26 15:55:54,317 	 [INFO | dataimport.py : line 114] >> site=90522 channelno=1 datatype=pressure | Data is loaded
2020-02-26 15:56:03,096 	 [INFO | dataimport.py : line 114] >> site=90523 channelno=1 datatype=pressure | Data is loaded
2020-02-26 15:56:12,907 	 [INFO | dataimport.py : line 114] >> site=03805_PRV channelno=1 datatype=pressure | Data is loaded
2020-02-26 15:56:20,489 	 [INFO | dataimport.py : line 114] >> site=03805_PRV channelno=3 datatype=pressure | Data is loaded
2020-02-26 15:56:26,896 	 [INFO | dataimport.py : line 114] >> site=03805_PRV channelno=2 datatype=flow | Data is loaded
2020-02-26 15:56:33,166 	 [INFO | dataimport.py : line 114] >> site=3807 channelno=1 datatype=flow | Data is loaded
2020-02-26 15:56:39,332 	 [INFO | dataimport.py : line 114] >> site=03808_1 channelno=1 datatype=flow | Data is loaded
2020-02-26 15:56:45,357 	 [INFO | dataimport.py : line 114] >> site=03808_2 channelno=1 datatype=flow | Data is loaded
2020-02-26 15:56:52,592 	 [INFO | dataimport.py : line 114] >> site=3809 channelno=1 datatype=flow | Data is loaded
2020-02-26 15:56:56,759 	 [INFO | dataimport.py : line 114] >> site=3810 channelno=1 datatype=flow | Data is loaded
2020-02-26 15:57:03,093 	 [INFO | dataimport.py : line 114] >> site=3811 channelno=1 datatype=flow | Data is loaded
2020-02-26 15:57:09,387 	 [INFO | dataimport.py : line 114] >> site=3812 channelno=1 datatype=flow | Data is loaded
2020-02-26 15:57:15,296 	 [INFO | dataimport.py : line 114] >> site=03814_1 channelno=1 datatype=flow | Data is loaded
2020-02-26 15:57:22,570 	 [INFO | dataimport.py : line 114] >> site=03814_2 channelno=1 datatype=flow | Data is loaded
2020-02-26 15:57:22,574 	 [INFO | dataimport.py : line 131] >> Disconnect from mysql db succeed
2020-02-26 15:57:22,620 	 [INFO | dataexport.py : line 31] >> Connect to mysql db succeed
2020-02-26 15:57:24,288 	 [INFO | dataexport.py : line 61] >> Non-denormalized data (flow) is exported
2020-02-26 16:02:28,892 	 [INFO | dataexport.py : line 84] >> Denormalized data (flow) is exported
2020-02-26 16:02:28,894 	 [INFO | dataexport.py : line 97] >> Disconnect from mysql db succeed
2020-02-26 16:02:28,935 	 [INFO | dataexport.py : line 31] >> Connect to mysql db succeed
2020-02-26 16:02:30,336 	 [INFO | dataexport.py : line 61] >> Non-denormalized data (pressure) is exported
2020-02-26 16:02:30,627 	 [INFO | dataexport.py : line 84] >> Denormalized data (pressure) is exported
2020-02-26 16:02:30,628 	 [INFO | dataexport.py : line 97] >> Disconnect from mysql db succeed
2020-02-26 16:02:30,644 	 [INFO | test.py : line 53] >> Pipeline end
