2020-02-25 21:39:24,717 	 [INFO | test.py : line 30] >> Pipeline start
2020-02-25 21:39:24,723 	 [INFO | test.py : line 34] >> No run mode provided. Run mode defaulted to run_bau
2020-02-25 21:39:42,091 	 [INFO | dataimport.py : line 75] >> site=90515 channelno=1 datatype=pressure  | Data is downloaded
2020-02-25 21:39:59,895 	 [INFO | dataimport.py : line 75] >> site=90516 channelno=1 datatype=pressure  | Data is downloaded
2020-02-25 21:40:17,458 	 [INFO | dataimport.py : line 75] >> site=90517 channelno=1 datatype=pressure  | Data is downloaded
2020-02-25 21:40:35,133 	 [INFO | dataimport.py : line 75] >> site=90518 channelno=1 datatype=pressure  | Data is downloaded
2020-02-25 21:40:52,653 	 [INFO | dataimport.py : line 75] >> site=90519 channelno=1 datatype=pressure  | Data is downloaded
2020-02-25 21:41:10,000 	 [INFO | dataimport.py : line 75] >> site=90520 channelno=1 datatype=pressure  | Data is downloaded
2020-02-25 21:41:27,550 	 [INFO | dataimport.py : line 75] >> site=90521 channelno=1 datatype=pressure  | Data is downloaded
2020-02-25 21:41:44,922 	 [INFO | dataimport.py : line 75] >> site=90522 channelno=1 datatype=pressure  | Data is downloaded
2020-02-25 21:42:02,481 	 [INFO | dataimport.py : line 75] >> site=90523 channelno=1 datatype=pressure  | Data is downloaded
2020-02-25 21:42:21,858 	 [INFO | dataimport.py : line 75] >> site=03805_PRV channelno=1 datatype=pressure  | Data is downloaded
2020-02-25 21:42:41,142 	 [INFO | dataimport.py : line 75] >> site=03805_PRV channelno=3 datatype=pressure  | Data is downloaded
2020-02-25 21:43:00,574 	 [INFO | dataimport.py : line 75] >> site=03805_PRV channelno=2 datatype=flow  | Data is downloaded
2020-02-25 21:43:20,008 	 [INFO | dataimport.py : line 75] >> site=3807 channelno=1 datatype=flow  | Data is downloaded
2020-02-25 21:43:40,282 	 [INFO | dataimport.py : line 75] >> site=03808_1 channelno=1 datatype=flow  | Data is downloaded
2020-02-25 21:44:00,258 	 [INFO | dataimport.py : line 75] >> site=03808_2 channelno=1 datatype=flow  | Data is downloaded
2020-02-25 21:44:20,732 	 [INFO | dataimport.py : line 75] >> site=3809 channelno=1 datatype=flow  | Data is downloaded
2020-02-25 21:44:40,978 	 [INFO | dataimport.py : line 75] >> site=3810 channelno=1 datatype=flow  | Data is downloaded
2020-02-25 21:45:00,612 	 [INFO | dataimport.py : line 75] >> site=3811 channelno=1 datatype=flow  | Data is downloaded
2020-02-25 21:45:20,456 	 [INFO | dataimport.py : line 75] >> site=3812 channelno=1 datatype=flow  | Data is downloaded
2020-02-25 21:45:39,878 	 [INFO | dataimport.py : line 75] >> site=03814_1 channelno=1 datatype=flow  | Data is downloaded
2020-02-25 21:45:59,547 	 [INFO | dataimport.py : line 75] >> site=03814_2 channelno=1 datatype=flow  | Data is downloaded
2020-02-25 21:45:59,728 	 [INFO | dataexport.py : line 28] >> Connect to mysql db succeed
2020-02-25 21:45:59,759 	 [INFO | dataexport.py : line 48] >> Data (flow) is exported
2020-02-25 21:45:59,763 	 [INFO | dataexport.py : line 56] >> Disconnect from mysql db succeed
2020-02-25 21:45:59,816 	 [INFO | dataexport.py : line 28] >> Connect to mysql db succeed
2020-02-25 21:45:59,841 	 [INFO | dataexport.py : line 48] >> Data (pressure) is exported
2020-02-25 21:45:59,842 	 [INFO | dataexport.py : line 56] >> Disconnect from mysql db succeed
2020-02-25 21:45:59,845 	 [INFO | test.py : line 66] >> Pipeline end
