2020-02-25 16:31:21,851 	 [INFO | test.py : line 30] >> Pipeline start
2020-02-25 16:31:21,852 	 [INFO | test.py : line 34] >> No run mode provided. Run mode defaulted to run_bau
2020-02-25 16:31:35,988 	 [INFO | dataimport.py : line 75] >> site=90515 channelno=1 datatype=pressure  | Data is downloaded
2020-02-25 16:31:50,152 	 [INFO | dataimport.py : line 75] >> site=90516 channelno=1 datatype=pressure  | Data is downloaded
2020-02-25 16:32:04,248 	 [INFO | dataimport.py : line 75] >> site=90517 channelno=1 datatype=pressure  | Data is downloaded
2020-02-25 16:32:18,552 	 [INFO | dataimport.py : line 75] >> site=90518 channelno=1 datatype=pressure  | Data is downloaded
2020-02-25 16:32:32,699 	 [INFO | dataimport.py : line 75] >> site=90519 channelno=1 datatype=pressure  | Data is downloaded
2020-02-25 16:32:46,493 	 [INFO | dataimport.py : line 75] >> site=90520 channelno=1 datatype=pressure  | Data is downloaded
2020-02-25 16:33:00,595 	 [INFO | dataimport.py : line 75] >> site=90521 channelno=1 datatype=pressure  | Data is downloaded
2020-02-25 16:33:14,707 	 [INFO | dataimport.py : line 75] >> site=90522 channelno=1 datatype=pressure  | Data is downloaded
2020-02-25 16:33:28,895 	 [INFO | dataimport.py : line 75] >> site=90523 channelno=1 datatype=pressure  | Data is downloaded
2020-02-25 16:33:44,870 	 [INFO | dataimport.py : line 75] >> site=03805_PRV channelno=1 datatype=pressure  | Data is downloaded
2020-02-25 16:34:00,847 	 [INFO | dataimport.py : line 75] >> site=03805_PRV channelno=3 datatype=pressure  | Data is downloaded
2020-02-25 16:34:16,915 	 [INFO | dataimport.py : line 75] >> site=03805_PRV channelno=2 datatype=flow  | Data is downloaded
2020-02-25 16:34:32,925 	 [INFO | dataimport.py : line 75] >> site=3807 channelno=1 datatype=flow  | Data is downloaded
2020-02-25 16:34:49,458 	 [INFO | dataimport.py : line 75] >> site=03808_1 channelno=1 datatype=flow  | Data is downloaded
2020-02-25 16:35:05,709 	 [INFO | dataimport.py : line 75] >> site=03808_2 channelno=1 datatype=flow  | Data is downloaded
2020-02-25 16:35:21,936 	 [INFO | dataimport.py : line 75] >> site=3809 channelno=1 datatype=flow  | Data is downloaded
2020-02-25 16:35:38,278 	 [INFO | dataimport.py : line 75] >> site=3810 channelno=1 datatype=flow  | Data is downloaded
2020-02-25 16:35:54,563 	 [INFO | dataimport.py : line 75] >> site=3811 channelno=1 datatype=flow  | Data is downloaded
2020-02-25 16:36:11,025 	 [INFO | dataimport.py : line 75] >> site=3812 channelno=1 datatype=flow  | Data is downloaded
2020-02-25 16:36:27,119 	 [INFO | dataimport.py : line 75] >> site=03814_1 channelno=1 datatype=flow  | Data is downloaded
2020-02-25 16:36:43,195 	 [INFO | dataimport.py : line 75] >> site=03814_2 channelno=1 datatype=flow  | Data is downloaded
2020-02-25 16:36:43,196 	 [INFO | test.py : line 66] >> Pipeline end
