2020-02-26 11:09:20,314 	 [INFO | test.py : line 30] >> Pipeline start
2020-02-26 11:09:20,315 	 [INFO | test.py : line 34] >> No run mode provided. Run mode defaulted to run_bau
2020-02-26 11:09:35,246 	 [INFO | dataimport.py : line 75] >> site=90515 channelno=1 datatype=pressure  | Data is downloaded
2020-02-26 11:09:50,114 	 [INFO | dataimport.py : line 75] >> site=90516 channelno=1 datatype=pressure  | Data is downloaded
2020-02-26 11:10:05,235 	 [INFO | dataimport.py : line 75] >> site=90517 channelno=1 datatype=pressure  | Data is downloaded
2020-02-26 11:10:20,311 	 [INFO | dataimport.py : line 75] >> site=90518 channelno=1 datatype=pressure  | Data is downloaded
2020-02-26 11:10:35,318 	 [INFO | dataimport.py : line 75] >> site=90519 channelno=1 datatype=pressure  | Data is downloaded
2020-02-26 11:10:50,125 	 [INFO | dataimport.py : line 75] >> site=90520 channelno=1 datatype=pressure  | Data is downloaded
2020-02-26 11:11:05,251 	 [INFO | dataimport.py : line 75] >> site=90521 channelno=1 datatype=pressure  | Data is downloaded
2020-02-26 11:11:20,264 	 [INFO | dataimport.py : line 75] >> site=90522 channelno=1 datatype=pressure  | Data is downloaded
2020-02-26 11:11:35,366 	 [INFO | dataimport.py : line 75] >> site=90523 channelno=1 datatype=pressure  | Data is downloaded
2020-02-26 11:11:52,127 	 [INFO | dataimport.py : line 75] >> site=03805_PRV channelno=1 datatype=pressure  | Data is downloaded
2020-02-26 11:12:08,987 	 [INFO | dataimport.py : line 75] >> site=03805_PRV channelno=3 datatype=pressure  | Data is downloaded
2020-02-26 11:12:26,044 	 [INFO | dataimport.py : line 75] >> site=03805_PRV channelno=2 datatype=flow  | Data is downloaded
2020-02-26 11:12:43,108 	 [INFO | dataimport.py : line 75] >> site=3807 channelno=1 datatype=flow  | Data is downloaded
2020-02-26 11:13:00,576 	 [INFO | dataimport.py : line 75] >> site=03808_1 channelno=1 datatype=flow  | Data is downloaded
2020-02-26 11:13:17,743 	 [INFO | dataimport.py : line 75] >> site=03808_2 channelno=1 datatype=flow  | Data is downloaded
2020-02-26 11:13:35,060 	 [INFO | dataimport.py : line 75] >> site=3809 channelno=1 datatype=flow  | Data is downloaded
2020-02-26 11:13:52,259 	 [INFO | dataimport.py : line 75] >> site=3810 channelno=1 datatype=flow  | Data is downloaded
2020-02-26 11:14:09,599 	 [INFO | dataimport.py : line 75] >> site=3811 channelno=1 datatype=flow  | Data is downloaded
2020-02-26 11:14:26,710 	 [INFO | dataimport.py : line 75] >> site=3812 channelno=1 datatype=flow  | Data is downloaded
2020-02-26 11:14:43,544 	 [INFO | dataimport.py : line 75] >> site=03814_1 channelno=1 datatype=flow  | Data is downloaded
2020-02-26 11:15:00,662 	 [INFO | dataimport.py : line 75] >> site=03814_2 channelno=1 datatype=flow  | Data is downloaded
2020-02-26 11:15:00,812 	 [INFO | dataimport.py : line 93] >> Connect to mysql db succeed
2020-02-26 11:15:08,668 	 [INFO | dataimport.py : line 137] >> site=90515 channelno=1 datatype=pressure | Data is loaded
2020-02-26 11:15:17,672 	 [INFO | dataimport.py : line 137] >> site=90516 channelno=1 datatype=pressure | Data is loaded
2020-02-26 11:15:24,264 	 [INFO | dataimport.py : line 137] >> site=90517 channelno=1 datatype=pressure | Data is loaded
2020-02-26 11:15:30,819 	 [INFO | dataimport.py : line 137] >> site=90518 channelno=1 datatype=pressure | Data is loaded
2020-02-26 11:15:38,182 	 [INFO | dataimport.py : line 137] >> site=90519 channelno=1 datatype=pressure | Data is loaded
2020-02-26 11:15:38,185 	 [INFO | dataimport.py : line 137] >> site=90520 channelno=1 datatype=pressure | Data is loaded
2020-02-26 11:15:45,727 	 [INFO | dataimport.py : line 137] >> site=90521 channelno=1 datatype=pressure | Data is loaded
2020-02-26 11:15:53,470 	 [INFO | dataimport.py : line 137] >> site=90522 channelno=1 datatype=pressure | Data is loaded
2020-02-26 11:16:01,942 	 [INFO | dataimport.py : line 137] >> site=90523 channelno=1 datatype=pressure | Data is loaded
2020-02-26 11:16:11,477 	 [INFO | dataimport.py : line 137] >> site=03805_PRV channelno=1 datatype=pressure | Data is loaded
2020-02-26 11:16:19,606 	 [INFO | dataimport.py : line 137] >> site=03805_PRV channelno=3 datatype=pressure | Data is loaded
2020-02-26 11:16:27,145 	 [INFO | dataimport.py : line 137] >> site=03805_PRV channelno=2 datatype=flow | Data is loaded
2020-02-26 11:16:33,622 	 [INFO | dataimport.py : line 137] >> site=3807 channelno=1 datatype=flow | Data is loaded
2020-02-26 11:16:40,507 	 [INFO | dataimport.py : line 137] >> site=03808_1 channelno=1 datatype=flow | Data is loaded
2020-02-26 11:16:47,078 	 [INFO | dataimport.py : line 137] >> site=03808_2 channelno=1 datatype=flow | Data is loaded
2020-02-26 11:16:54,727 	 [INFO | dataimport.py : line 137] >> site=3809 channelno=1 datatype=flow | Data is loaded
2020-02-26 11:17:00,971 	 [INFO | dataimport.py : line 137] >> site=3810 channelno=1 datatype=flow | Data is loaded
2020-02-26 11:17:07,922 	 [INFO | dataimport.py : line 137] >> site=3811 channelno=1 datatype=flow | Data is loaded
2020-02-26 11:17:14,954 	 [INFO | dataimport.py : line 137] >> site=3812 channelno=1 datatype=flow | Data is loaded
2020-02-26 11:17:21,243 	 [INFO | dataimport.py : line 137] >> site=03814_1 channelno=1 datatype=flow | Data is loaded
2020-02-26 11:17:27,442 	 [INFO | dataimport.py : line 137] >> site=03814_2 channelno=1 datatype=flow | Data is loaded
2020-02-26 11:17:27,445 	 [INFO | dataimport.py : line 156] >> Disconnect from mysql db succeed
