2020-02-26 10:14:07,826 	 [INFO | test.py : line 30] >> Pipeline start
2020-02-26 10:14:07,827 	 [INFO | test.py : line 34] >> No run mode provided. Run mode defaulted to run_bau
2020-02-26 10:14:22,652 	 [INFO | dataimport.py : line 75] >> site=90515 channelno=1 datatype=pressure  | Data is downloaded
2020-02-26 10:14:37,193 	 [INFO | dataimport.py : line 75] >> site=90516 channelno=1 datatype=pressure  | Data is downloaded
2020-02-26 10:14:51,897 	 [INFO | dataimport.py : line 75] >> site=90517 channelno=1 datatype=pressure  | Data is downloaded
2020-02-26 10:15:06,518 	 [INFO | dataimport.py : line 75] >> site=90518 channelno=1 datatype=pressure  | Data is downloaded
2020-02-26 10:15:21,175 	 [INFO | dataimport.py : line 75] >> site=90519 channelno=1 datatype=pressure  | Data is downloaded
2020-02-26 10:15:36,033 	 [INFO | dataimport.py : line 75] >> site=90520 channelno=1 datatype=pressure  | Data is downloaded
2020-02-26 10:15:50,772 	 [INFO | dataimport.py : line 75] >> site=90521 channelno=1 datatype=pressure  | Data is downloaded
2020-02-26 10:16:05,768 	 [INFO | dataimport.py : line 75] >> site=90522 channelno=1 datatype=pressure  | Data is downloaded
2020-02-26 10:16:20,643 	 [INFO | dataimport.py : line 75] >> site=90523 channelno=1 datatype=pressure  | Data is downloaded
2020-02-26 10:16:37,314 	 [INFO | dataimport.py : line 75] >> site=03805_PRV channelno=1 datatype=pressure  | Data is downloaded
2020-02-26 10:16:54,133 	 [INFO | dataimport.py : line 75] >> site=03805_PRV channelno=3 datatype=pressure  | Data is downloaded
2020-02-26 10:17:10,906 	 [INFO | dataimport.py : line 75] >> site=03805_PRV channelno=2 datatype=flow  | Data is downloaded
2020-02-26 10:17:27,970 	 [INFO | dataimport.py : line 75] >> site=3807 channelno=1 datatype=flow  | Data is downloaded
2020-02-26 10:17:44,978 	 [INFO | dataimport.py : line 75] >> site=03808_1 channelno=1 datatype=flow  | Data is downloaded
2020-02-26 10:18:02,127 	 [INFO | dataimport.py : line 75] >> site=03808_2 channelno=1 datatype=flow  | Data is downloaded
2020-02-26 10:18:18,838 	 [INFO | dataimport.py : line 75] >> site=3809 channelno=1 datatype=flow  | Data is downloaded
2020-02-26 10:18:35,974 	 [INFO | dataimport.py : line 75] >> site=3810 channelno=1 datatype=flow  | Data is downloaded
2020-02-26 10:18:53,002 	 [INFO | dataimport.py : line 75] >> site=3811 channelno=1 datatype=flow  | Data is downloaded
2020-02-26 10:19:09,719 	 [INFO | dataimport.py : line 75] >> site=3812 channelno=1 datatype=flow  | Data is downloaded
2020-02-26 10:19:26,310 	 [INFO | dataimport.py : line 75] >> site=03814_1 channelno=1 datatype=flow  | Data is downloaded
2020-02-26 10:19:43,073 	 [INFO | dataimport.py : line 75] >> site=03814_2 channelno=1 datatype=flow  | Data is downloaded
2020-02-26 10:19:43,299 	 [INFO | dataimport.py : line 93] >> Connect to mysql db succeed
2020-02-26 10:19:49,726 	 [INFO | dataimport.py : line 137] >> site=90515 channelno=1 datatype=pressure | Data is loaded
2020-02-26 10:19:58,899 	 [INFO | dataimport.py : line 137] >> site=90516 channelno=1 datatype=pressure | Data is loaded
2020-02-26 10:20:05,967 	 [INFO | dataimport.py : line 137] >> site=90517 channelno=1 datatype=pressure | Data is loaded
2020-02-26 10:20:13,335 	 [INFO | dataimport.py : line 137] >> site=90518 channelno=1 datatype=pressure | Data is loaded
2020-02-26 10:20:21,252 	 [INFO | dataimport.py : line 137] >> site=90519 channelno=1 datatype=pressure | Data is loaded
2020-02-26 10:20:21,255 	 [INFO | dataimport.py : line 137] >> site=90520 channelno=1 datatype=pressure | Data is loaded
2020-02-26 10:20:28,801 	 [INFO | dataimport.py : line 137] >> site=90521 channelno=1 datatype=pressure | Data is loaded
2020-02-26 10:20:36,460 	 [INFO | dataimport.py : line 137] >> site=90522 channelno=1 datatype=pressure | Data is loaded
2020-02-26 10:20:45,358 	 [INFO | dataimport.py : line 137] >> site=90523 channelno=1 datatype=pressure | Data is loaded
2020-02-26 10:20:54,421 	 [INFO | dataimport.py : line 137] >> site=03805_PRV channelno=1 datatype=pressure | Data is loaded
2020-02-26 10:21:04,200 	 [INFO | dataimport.py : line 137] >> site=03805_PRV channelno=3 datatype=pressure | Data is loaded
2020-02-26 10:21:13,287 	 [INFO | dataimport.py : line 137] >> site=03805_PRV channelno=2 datatype=flow | Data is loaded
2020-02-26 10:21:23,547 	 [INFO | dataimport.py : line 137] >> site=3807 channelno=1 datatype=flow | Data is loaded
2020-02-26 10:21:30,848 	 [INFO | dataimport.py : line 137] >> site=03808_1 channelno=1 datatype=flow | Data is loaded
2020-02-26 10:21:37,769 	 [INFO | dataimport.py : line 137] >> site=03808_2 channelno=1 datatype=flow | Data is loaded
2020-02-26 10:21:45,007 	 [INFO | dataimport.py : line 137] >> site=3809 channelno=1 datatype=flow | Data is loaded
2020-02-26 10:21:49,005 	 [INFO | dataimport.py : line 137] >> site=3810 channelno=1 datatype=flow | Data is loaded
2020-02-26 10:21:55,280 	 [INFO | dataimport.py : line 137] >> site=3811 channelno=1 datatype=flow | Data is loaded
2020-02-26 10:22:02,040 	 [INFO | dataimport.py : line 137] >> site=3812 channelno=1 datatype=flow | Data is loaded
2020-02-26 10:22:07,667 	 [INFO | dataimport.py : line 137] >> site=03814_1 channelno=1 datatype=flow | Data is loaded
2020-02-26 10:22:14,499 	 [INFO | dataimport.py : line 137] >> site=03814_2 channelno=1 datatype=flow | Data is loaded
2020-02-26 10:22:14,503 	 [INFO | dataimport.py : line 156] >> Disconnect from mysql db succeed
2020-02-26 10:22:14,556 	 [INFO | dataexport.py : line 28] >> Connect to mysql db succeed
2020-02-26 10:22:16,396 	 [INFO | dataexport.py : line 47] >> Data (flow) is exported
2020-02-26 10:22:18,152 	 [INFO | dataexport.py : line 57] >> Data (pressure) is exported
2020-02-26 10:22:18,153 	 [INFO | dataexport.py : line 77] >> Disconnect from mysql db succeed
2020-02-26 10:22:18,165 	 [INFO | test.py : line 65] >> Pipeline end
