2020-02-29 19:33:17,332 	 [INFO | run_locally.py : line 30] >> Pipeline start
2020-02-29 19:33:17,333 	 [INFO | run_locally.py : line 45] >> Using this configuration file = utils/configuration_files.csv
2020-02-29 19:33:17,363 	 [INFO | run_locally.py : line 62] >> Using this database = dpm-solution
2020-02-29 19:33:31,439 	 [INFO | dataimport.py : line 44] >> logger=35619 site=90515 channelno=1 datatype=pressure | Data is downloaded
2020-02-29 19:33:31,709 	 [INFO | dataimport.py : line 109] >> logger=35619 site=90515 channelno=1 datatype=pressure | Missing records is added
2020-02-29 19:33:31,728 	 [INFO | dataimport.py : line 138] >> logger=35619 site=90515 channelno=1 datatype=pressure | Connect to mysql db succeed
2020-02-29 19:33:36,000 	 [INFO | dataimport.py : line 166] >> logger=35619 site=90515 channelno=1 datatype=pressure | Data is loaded
2020-02-29 19:33:36,000 	 [INFO | dataimport.py : line 181] >> logger=35619 site=90515 channelno=1 datatype=pressure | Disconnect from mysql db succeed
2020-02-29 19:33:36,002 	 [INFO | run_locally.py : line 103] >> logger=35619 site=90515 channelno=1 datatype=pressure | File is removed
2020-02-29 19:33:50,148 	 [INFO | dataimport.py : line 44] >> logger=35618 site=90516 channelno=1 datatype=pressure | Data is downloaded
2020-02-29 19:33:50,466 	 [INFO | dataimport.py : line 109] >> logger=35618 site=90516 channelno=1 datatype=pressure | Missing records is added
2020-02-29 19:33:50,484 	 [INFO | dataimport.py : line 138] >> logger=35618 site=90516 channelno=1 datatype=pressure | Connect to mysql db succeed
2020-02-29 19:33:54,710 	 [INFO | dataimport.py : line 166] >> logger=35618 site=90516 channelno=1 datatype=pressure | Data is loaded
2020-02-29 19:33:54,711 	 [INFO | dataimport.py : line 181] >> logger=35618 site=90516 channelno=1 datatype=pressure | Disconnect from mysql db succeed
2020-02-29 19:33:54,712 	 [INFO | run_locally.py : line 103] >> logger=35618 site=90516 channelno=1 datatype=pressure | File is removed
2020-02-29 19:34:12,993 	 [INFO | dataimport.py : line 44] >> logger=35617 site=90517 channelno=1 datatype=pressure | Data is downloaded
2020-02-29 19:34:13,303 	 [INFO | dataimport.py : line 109] >> logger=35617 site=90517 channelno=1 datatype=pressure | Missing records is added
2020-02-29 19:34:13,323 	 [INFO | dataimport.py : line 138] >> logger=35617 site=90517 channelno=1 datatype=pressure | Connect to mysql db succeed
2020-02-29 19:34:17,429 	 [INFO | dataimport.py : line 166] >> logger=35617 site=90517 channelno=1 datatype=pressure | Data is loaded
2020-02-29 19:34:17,430 	 [INFO | dataimport.py : line 181] >> logger=35617 site=90517 channelno=1 datatype=pressure | Disconnect from mysql db succeed
2020-02-29 19:34:17,433 	 [INFO | run_locally.py : line 103] >> logger=35617 site=90517 channelno=1 datatype=pressure | File is removed
2020-02-29 19:34:31,714 	 [INFO | dataimport.py : line 44] >> logger=35552 site=90518 channelno=1 datatype=pressure | Data is downloaded
2020-02-29 19:34:31,986 	 [INFO | dataimport.py : line 109] >> logger=35552 site=90518 channelno=1 datatype=pressure | Missing records is added
2020-02-29 19:34:32,005 	 [INFO | dataimport.py : line 138] >> logger=35552 site=90518 channelno=1 datatype=pressure | Connect to mysql db succeed
2020-02-29 19:34:36,323 	 [INFO | dataimport.py : line 166] >> logger=35552 site=90518 channelno=1 datatype=pressure | Data is loaded
2020-02-29 19:34:36,324 	 [INFO | dataimport.py : line 181] >> logger=35552 site=90518 channelno=1 datatype=pressure | Disconnect from mysql db succeed
2020-02-29 19:34:36,325 	 [INFO | run_locally.py : line 103] >> logger=35552 site=90518 channelno=1 datatype=pressure | File is removed
2020-02-29 19:34:51,666 	 [INFO | dataimport.py : line 44] >> logger=35553 site=90519 channelno=1 datatype=pressure | Data is downloaded
2020-02-29 19:34:51,935 	 [INFO | dataimport.py : line 109] >> logger=35553 site=90519 channelno=1 datatype=pressure | Missing records is added
2020-02-29 19:34:51,955 	 [INFO | dataimport.py : line 138] >> logger=35553 site=90519 channelno=1 datatype=pressure | Connect to mysql db succeed
2020-02-29 19:34:56,157 	 [INFO | dataimport.py : line 166] >> logger=35553 site=90519 channelno=1 datatype=pressure | Data is loaded
2020-02-29 19:34:56,157 	 [INFO | dataimport.py : line 181] >> logger=35553 site=90519 channelno=1 datatype=pressure | Disconnect from mysql db succeed
2020-02-29 19:34:56,159 	 [INFO | run_locally.py : line 103] >> logger=35553 site=90519 channelno=1 datatype=pressure | File is removed
2020-02-29 19:35:09,944 	 [INFO | dataimport.py : line 44] >> logger=35547 site=90520 channelno=1 datatype=pressure | Data is downloaded
2020-02-29 19:35:09,956 	 [INFO | dataimport.py : line 109] >> logger=35547 site=90520 channelno=1 datatype=pressure | Missing records is added
2020-02-29 19:35:10,029 	 [INFO | dataimport.py : line 138] >> logger=35547 site=90520 channelno=1 datatype=pressure | Connect to mysql db succeed
2020-02-29 19:35:10,032 	 [INFO | dataimport.py : line 166] >> logger=35547 site=90520 channelno=1 datatype=pressure | Data is loaded
2020-02-29 19:35:10,055 	 [INFO | dataimport.py : line 181] >> logger=35547 site=90520 channelno=1 datatype=pressure | Disconnect from mysql db succeed
2020-02-29 19:35:10,057 	 [INFO | run_locally.py : line 103] >> logger=35547 site=90520 channelno=1 datatype=pressure | File is removed
2020-02-29 19:35:24,195 	 [INFO | dataimport.py : line 44] >> logger=35548 site=90521 channelno=1 datatype=pressure | Data is downloaded
2020-02-29 19:35:24,465 	 [INFO | dataimport.py : line 109] >> logger=35548 site=90521 channelno=1 datatype=pressure | Missing records is added
2020-02-29 19:35:24,485 	 [INFO | dataimport.py : line 138] >> logger=35548 site=90521 channelno=1 datatype=pressure | Connect to mysql db succeed
2020-02-29 19:35:28,141 	 [INFO | dataimport.py : line 166] >> logger=35548 site=90521 channelno=1 datatype=pressure | Data is loaded
2020-02-29 19:35:28,142 	 [INFO | dataimport.py : line 181] >> logger=35548 site=90521 channelno=1 datatype=pressure | Disconnect from mysql db succeed
2020-02-29 19:35:28,143 	 [INFO | run_locally.py : line 103] >> logger=35548 site=90521 channelno=1 datatype=pressure | File is removed
2020-02-29 19:35:42,422 	 [INFO | dataimport.py : line 44] >> logger=35711 site=90522 channelno=1 datatype=pressure | Data is downloaded
2020-02-29 19:35:42,726 	 [INFO | dataimport.py : line 109] >> logger=35711 site=90522 channelno=1 datatype=pressure | Missing records is added
2020-02-29 19:35:42,744 	 [INFO | dataimport.py : line 138] >> logger=35711 site=90522 channelno=1 datatype=pressure | Connect to mysql db succeed
2020-02-29 19:35:46,610 	 [INFO | dataimport.py : line 166] >> logger=35711 site=90522 channelno=1 datatype=pressure | Data is loaded
2020-02-29 19:35:46,611 	 [INFO | dataimport.py : line 181] >> logger=35711 site=90522 channelno=1 datatype=pressure | Disconnect from mysql db succeed
2020-02-29 19:35:46,612 	 [INFO | run_locally.py : line 103] >> logger=35711 site=90522 channelno=1 datatype=pressure | File is removed
2020-02-29 19:36:00,778 	 [INFO | dataimport.py : line 44] >> logger=35715 site=90523 channelno=1 datatype=pressure | Data is downloaded
2020-02-29 19:36:01,040 	 [INFO | dataimport.py : line 109] >> logger=35715 site=90523 channelno=1 datatype=pressure | Missing records is added
2020-02-29 19:36:01,061 	 [INFO | dataimport.py : line 138] >> logger=35715 site=90523 channelno=1 datatype=pressure | Connect to mysql db succeed
2020-02-29 19:36:04,693 	 [INFO | dataimport.py : line 166] >> logger=35715 site=90523 channelno=1 datatype=pressure | Data is loaded
2020-02-29 19:36:04,694 	 [INFO | dataimport.py : line 181] >> logger=35715 site=90523 channelno=1 datatype=pressure | Disconnect from mysql db succeed
2020-02-29 19:36:04,695 	 [INFO | run_locally.py : line 103] >> logger=35715 site=90523 channelno=1 datatype=pressure | File is removed
2020-02-29 19:36:20,636 	 [INFO | dataimport.py : line 44] >> logger=37617 site=03805_PRV channelno=1 datatype=pressure | Data is downloaded
2020-02-29 19:36:20,980 	 [INFO | dataimport.py : line 109] >> logger=37617 site=03805_PRV channelno=1 datatype=pressure | Missing records is added
2020-02-29 19:36:21,000 	 [INFO | dataimport.py : line 138] >> logger=37617 site=03805_PRV channelno=1 datatype=pressure | Connect to mysql db succeed
2020-02-29 19:36:25,287 	 [INFO | dataimport.py : line 166] >> logger=37617 site=03805_PRV channelno=1 datatype=pressure | Data is loaded
2020-02-29 19:36:25,288 	 [INFO | dataimport.py : line 181] >> logger=37617 site=03805_PRV channelno=1 datatype=pressure | Disconnect from mysql db succeed
2020-02-29 19:36:25,290 	 [INFO | run_locally.py : line 103] >> logger=37617 site=03805_PRV channelno=1 datatype=pressure | File is removed
2020-02-29 19:36:41,305 	 [INFO | dataimport.py : line 44] >> logger=37617 site=03805_PRV channelno=3 datatype=pressure | Data is downloaded
2020-02-29 19:36:41,639 	 [INFO | dataimport.py : line 109] >> logger=37617 site=03805_PRV channelno=3 datatype=pressure | Missing records is added
2020-02-29 19:36:41,658 	 [INFO | dataimport.py : line 138] >> logger=37617 site=03805_PRV channelno=3 datatype=pressure | Connect to mysql db succeed
2020-02-29 19:36:46,028 	 [INFO | dataimport.py : line 166] >> logger=37617 site=03805_PRV channelno=3 datatype=pressure | Data is loaded
2020-02-29 19:36:46,029 	 [INFO | dataimport.py : line 181] >> logger=37617 site=03805_PRV channelno=3 datatype=pressure | Disconnect from mysql db succeed
2020-02-29 19:36:46,030 	 [INFO | run_locally.py : line 103] >> logger=37617 site=03805_PRV channelno=3 datatype=pressure | File is removed
2020-02-29 19:37:01,835 	 [INFO | dataimport.py : line 44] >> logger=37617 site=03805_PRV channelno=2 datatype=flow | Data is downloaded
2020-02-29 19:37:02,200 	 [INFO | dataimport.py : line 109] >> logger=37617 site=03805_PRV channelno=2 datatype=flow | Missing records is added
2020-02-29 19:37:02,219 	 [INFO | dataimport.py : line 138] >> logger=37617 site=03805_PRV channelno=2 datatype=flow | Connect to mysql db succeed
2020-02-29 19:37:06,505 	 [INFO | dataimport.py : line 166] >> logger=37617 site=03805_PRV channelno=2 datatype=flow | Data is loaded
2020-02-29 19:37:06,506 	 [INFO | dataimport.py : line 181] >> logger=37617 site=03805_PRV channelno=2 datatype=flow | Disconnect from mysql db succeed
2020-02-29 19:37:06,507 	 [INFO | run_locally.py : line 103] >> logger=37617 site=03805_PRV channelno=2 datatype=flow | File is removed
2020-02-29 19:37:23,721 	 [INFO | dataimport.py : line 44] >> logger=37543 site=3807 channelno=1 datatype=flow | Data is downloaded
2020-02-29 19:37:24,077 	 [INFO | dataimport.py : line 109] >> logger=37543 site=3807 channelno=1 datatype=flow | Missing records is added
2020-02-29 19:37:24,097 	 [INFO | dataimport.py : line 138] >> logger=37543 site=3807 channelno=1 datatype=flow | Connect to mysql db succeed
2020-02-29 19:37:28,414 	 [INFO | dataimport.py : line 166] >> logger=37543 site=3807 channelno=1 datatype=flow | Data is loaded
2020-02-29 19:37:28,414 	 [INFO | dataimport.py : line 181] >> logger=37543 site=3807 channelno=1 datatype=flow | Disconnect from mysql db succeed
2020-02-29 19:37:28,416 	 [INFO | run_locally.py : line 103] >> logger=37543 site=3807 channelno=1 datatype=flow | File is removed
2020-02-29 19:37:44,906 	 [INFO | dataimport.py : line 44] >> logger=37592 site=03808_1 channelno=1 datatype=flow | Data is downloaded
2020-02-29 19:37:45,215 	 [INFO | dataimport.py : line 109] >> logger=37592 site=03808_1 channelno=1 datatype=flow | Missing records is added
2020-02-29 19:37:45,235 	 [INFO | dataimport.py : line 138] >> logger=37592 site=03808_1 channelno=1 datatype=flow | Connect to mysql db succeed
2020-02-29 19:37:49,654 	 [INFO | dataimport.py : line 166] >> logger=37592 site=03808_1 channelno=1 datatype=flow | Data is loaded
2020-02-29 19:37:49,655 	 [INFO | dataimport.py : line 181] >> logger=37592 site=03808_1 channelno=1 datatype=flow | Disconnect from mysql db succeed
2020-02-29 19:37:49,656 	 [INFO | run_locally.py : line 103] >> logger=37592 site=03808_1 channelno=1 datatype=flow | File is removed
2020-02-29 19:38:07,613 	 [INFO | dataimport.py : line 44] >> logger=41510 site=03808_2 channelno=1 datatype=flow | Data is downloaded
2020-02-29 19:38:07,922 	 [INFO | dataimport.py : line 109] >> logger=41510 site=03808_2 channelno=1 datatype=flow | Missing records is added
2020-02-29 19:38:07,941 	 [INFO | dataimport.py : line 138] >> logger=41510 site=03808_2 channelno=1 datatype=flow | Connect to mysql db succeed
2020-02-29 19:38:11,467 	 [INFO | dataimport.py : line 166] >> logger=41510 site=03808_2 channelno=1 datatype=flow | Data is loaded
2020-02-29 19:38:11,468 	 [INFO | dataimport.py : line 181] >> logger=41510 site=03808_2 channelno=1 datatype=flow | Disconnect from mysql db succeed
2020-02-29 19:38:11,470 	 [INFO | run_locally.py : line 103] >> logger=41510 site=03808_2 channelno=1 datatype=flow | File is removed
2020-02-29 19:38:28,428 	 [INFO | dataimport.py : line 44] >> logger=37524 site=3809 channelno=1 datatype=flow | Data is downloaded
2020-02-29 19:38:28,716 	 [INFO | dataimport.py : line 109] >> logger=37524 site=3809 channelno=1 datatype=flow | Missing records is added
2020-02-29 19:38:28,736 	 [INFO | dataimport.py : line 138] >> logger=37524 site=3809 channelno=1 datatype=flow | Connect to mysql db succeed
2020-02-29 19:38:32,592 	 [INFO | dataimport.py : line 166] >> logger=37524 site=3809 channelno=1 datatype=flow | Data is loaded
2020-02-29 19:38:32,593 	 [INFO | dataimport.py : line 181] >> logger=37524 site=3809 channelno=1 datatype=flow | Disconnect from mysql db succeed
2020-02-29 19:38:32,594 	 [INFO | run_locally.py : line 103] >> logger=37524 site=3809 channelno=1 datatype=flow | File is removed
2020-02-29 19:38:49,164 	 [INFO | dataimport.py : line 44] >> logger=37529 site=3810 channelno=1 datatype=flow | Data is downloaded
2020-02-29 19:38:49,403 	 [INFO | dataimport.py : line 109] >> logger=37529 site=3810 channelno=1 datatype=flow | Missing records is added
2020-02-29 19:38:49,422 	 [INFO | dataimport.py : line 138] >> logger=37529 site=3810 channelno=1 datatype=flow | Connect to mysql db succeed
2020-02-29 19:38:53,207 	 [INFO | dataimport.py : line 166] >> logger=37529 site=3810 channelno=1 datatype=flow | Data is loaded
2020-02-29 19:38:53,208 	 [INFO | dataimport.py : line 181] >> logger=37529 site=3810 channelno=1 datatype=flow | Disconnect from mysql db succeed
2020-02-29 19:38:53,209 	 [INFO | run_locally.py : line 103] >> logger=37529 site=3810 channelno=1 datatype=flow | File is removed
2020-02-29 19:39:09,723 	 [INFO | dataimport.py : line 44] >> logger=38441 site=3811 channelno=1 datatype=flow | Data is downloaded
2020-02-29 19:39:10,023 	 [INFO | dataimport.py : line 109] >> logger=38441 site=3811 channelno=1 datatype=flow | Missing records is added
2020-02-29 19:39:10,042 	 [INFO | dataimport.py : line 138] >> logger=38441 site=3811 channelno=1 datatype=flow | Connect to mysql db succeed
2020-02-29 19:39:14,364 	 [INFO | dataimport.py : line 166] >> logger=38441 site=3811 channelno=1 datatype=flow | Data is loaded
2020-02-29 19:39:14,364 	 [INFO | dataimport.py : line 181] >> logger=38441 site=3811 channelno=1 datatype=flow | Disconnect from mysql db succeed
2020-02-29 19:39:14,366 	 [INFO | run_locally.py : line 103] >> logger=38441 site=3811 channelno=1 datatype=flow | File is removed
2020-02-29 19:39:30,563 	 [INFO | dataimport.py : line 44] >> logger=37594 site=3812 channelno=1 datatype=flow | Data is downloaded
2020-02-29 19:39:30,910 	 [INFO | dataimport.py : line 109] >> logger=37594 site=3812 channelno=1 datatype=flow | Missing records is added
2020-02-29 19:39:30,929 	 [INFO | dataimport.py : line 138] >> logger=37594 site=3812 channelno=1 datatype=flow | Connect to mysql db succeed
2020-02-29 19:39:34,771 	 [INFO | dataimport.py : line 166] >> logger=37594 site=3812 channelno=1 datatype=flow | Data is loaded
2020-02-29 19:39:34,772 	 [INFO | dataimport.py : line 181] >> logger=37594 site=3812 channelno=1 datatype=flow | Disconnect from mysql db succeed
2020-02-29 19:39:34,773 	 [INFO | run_locally.py : line 103] >> logger=37594 site=3812 channelno=1 datatype=flow | File is removed
2020-02-29 19:39:50,884 	 [INFO | dataimport.py : line 44] >> logger=37548 site=03814_1 channelno=1 datatype=flow | Data is downloaded
2020-02-29 19:39:51,117 	 [INFO | dataimport.py : line 109] >> logger=37548 site=03814_1 channelno=1 datatype=flow | Missing records is added
2020-02-29 19:39:51,137 	 [INFO | dataimport.py : line 138] >> logger=37548 site=03814_1 channelno=1 datatype=flow | Connect to mysql db succeed
2020-02-29 19:39:55,075 	 [INFO | dataimport.py : line 166] >> logger=37548 site=03814_1 channelno=1 datatype=flow | Data is loaded
2020-02-29 19:39:55,076 	 [INFO | dataimport.py : line 181] >> logger=37548 site=03814_1 channelno=1 datatype=flow | Disconnect from mysql db succeed
2020-02-29 19:39:55,077 	 [INFO | run_locally.py : line 103] >> logger=37548 site=03814_1 channelno=1 datatype=flow | File is removed
2020-02-29 19:40:11,706 	 [INFO | dataimport.py : line 44] >> logger=37549 site=03814_2 channelno=1 datatype=flow | Data is downloaded
2020-02-29 19:40:12,009 	 [INFO | dataimport.py : line 109] >> logger=37549 site=03814_2 channelno=1 datatype=flow | Missing records is added
2020-02-29 19:40:12,027 	 [INFO | dataimport.py : line 138] >> logger=37549 site=03814_2 channelno=1 datatype=flow | Connect to mysql db succeed
2020-02-29 19:40:16,163 	 [INFO | dataimport.py : line 166] >> logger=37549 site=03814_2 channelno=1 datatype=flow | Data is loaded
2020-02-29 19:40:16,164 	 [INFO | dataimport.py : line 181] >> logger=37549 site=03814_2 channelno=1 datatype=flow | Disconnect from mysql db succeed
2020-02-29 19:40:16,166 	 [INFO | run_locally.py : line 103] >> logger=37549 site=03814_2 channelno=1 datatype=flow | File is removed
2020-02-29 19:40:16,167 	 [INFO | run_locally.py : line 108] >> Pipeline end
