2020-02-29 21:39:16,746 	 [INFO | run_locally.py : line 30] >> Pipeline start
2020-02-29 21:39:16,747 	 [INFO | run_locally.py : line 45] >> Using this configuration file = utils/configuration_files.csv
2020-02-29 21:39:16,785 	 [INFO | run_locally.py : line 62] >> Using this database = dpm-solution
2020-02-29 21:39:33,277 	 [INFO | dataimport.py : line 44] >> logger=35619 site=90515 channelno=1 datatype=pressure | Data is downloaded
2020-02-29 21:39:33,595 	 [INFO | dataimport.py : line 109] >> logger=35619 site=90515 channelno=1 datatype=pressure | Missing records is added
2020-02-29 21:39:33,621 	 [INFO | dataimport.py : line 138] >> logger=35619 site=90515 channelno=1 datatype=pressure | Connect to mysql db succeed
2020-02-29 21:39:39,729 	 [INFO | dataimport.py : line 166] >> logger=35619 site=90515 channelno=1 datatype=pressure | Data is loaded
2020-02-29 21:39:39,731 	 [INFO | dataimport.py : line 181] >> logger=35619 site=90515 channelno=1 datatype=pressure | Disconnect from mysql db succeed
2020-02-29 21:39:39,733 	 [INFO | run_locally.py : line 103] >> logger=35619 site=90515 channelno=1 datatype=pressure | File is removed
2020-02-29 21:39:54,321 	 [INFO | dataimport.py : line 44] >> logger=35618 site=90516 channelno=1 datatype=pressure | Data is downloaded
2020-02-29 21:39:54,893 	 [INFO | dataimport.py : line 109] >> logger=35618 site=90516 channelno=1 datatype=pressure | Missing records is added
2020-02-29 21:39:54,918 	 [INFO | dataimport.py : line 138] >> logger=35618 site=90516 channelno=1 datatype=pressure | Connect to mysql db succeed
2020-02-29 21:40:00,166 	 [INFO | dataimport.py : line 166] >> logger=35618 site=90516 channelno=1 datatype=pressure | Data is loaded
2020-02-29 21:40:00,167 	 [INFO | dataimport.py : line 181] >> logger=35618 site=90516 channelno=1 datatype=pressure | Disconnect from mysql db succeed
2020-02-29 21:40:00,168 	 [INFO | run_locally.py : line 103] >> logger=35618 site=90516 channelno=1 datatype=pressure | File is removed
2020-02-29 21:40:14,931 	 [INFO | dataimport.py : line 44] >> logger=35617 site=90517 channelno=1 datatype=pressure | Data is downloaded
2020-02-29 21:40:15,321 	 [INFO | dataimport.py : line 109] >> logger=35617 site=90517 channelno=1 datatype=pressure | Missing records is added
2020-02-29 21:40:15,343 	 [INFO | dataimport.py : line 138] >> logger=35617 site=90517 channelno=1 datatype=pressure | Connect to mysql db succeed
2020-02-29 21:40:20,504 	 [INFO | dataimport.py : line 166] >> logger=35617 site=90517 channelno=1 datatype=pressure | Data is loaded
2020-02-29 21:40:20,505 	 [INFO | dataimport.py : line 181] >> logger=35617 site=90517 channelno=1 datatype=pressure | Disconnect from mysql db succeed
2020-02-29 21:40:20,508 	 [INFO | run_locally.py : line 103] >> logger=35617 site=90517 channelno=1 datatype=pressure | File is removed
2020-02-29 21:40:36,180 	 [INFO | dataimport.py : line 44] >> logger=35552 site=90518 channelno=1 datatype=pressure | Data is downloaded
2020-02-29 21:40:36,580 	 [INFO | dataimport.py : line 109] >> logger=35552 site=90518 channelno=1 datatype=pressure | Missing records is added
2020-02-29 21:40:36,601 	 [INFO | dataimport.py : line 138] >> logger=35552 site=90518 channelno=1 datatype=pressure | Connect to mysql db succeed
2020-02-29 21:40:41,939 	 [INFO | dataimport.py : line 166] >> logger=35552 site=90518 channelno=1 datatype=pressure | Data is loaded
2020-02-29 21:40:41,940 	 [INFO | dataimport.py : line 181] >> logger=35552 site=90518 channelno=1 datatype=pressure | Disconnect from mysql db succeed
2020-02-29 21:40:41,942 	 [INFO | run_locally.py : line 103] >> logger=35552 site=90518 channelno=1 datatype=pressure | File is removed
2020-02-29 21:40:56,456 	 [INFO | dataimport.py : line 44] >> logger=35553 site=90519 channelno=1 datatype=pressure | Data is downloaded
2020-02-29 21:40:56,859 	 [INFO | dataimport.py : line 109] >> logger=35553 site=90519 channelno=1 datatype=pressure | Missing records is added
2020-02-29 21:40:56,885 	 [INFO | dataimport.py : line 138] >> logger=35553 site=90519 channelno=1 datatype=pressure | Connect to mysql db succeed
2020-02-29 21:41:02,213 	 [INFO | dataimport.py : line 166] >> logger=35553 site=90519 channelno=1 datatype=pressure | Data is loaded
2020-02-29 21:41:02,214 	 [INFO | dataimport.py : line 181] >> logger=35553 site=90519 channelno=1 datatype=pressure | Disconnect from mysql db succeed
2020-02-29 21:41:02,216 	 [INFO | run_locally.py : line 103] >> logger=35553 site=90519 channelno=1 datatype=pressure | File is removed
2020-02-29 21:41:16,456 	 [INFO | dataimport.py : line 44] >> logger=35547 site=90520 channelno=1 datatype=pressure | Data is downloaded
2020-02-29 21:41:16,462 	 [INFO | dataimport.py : line 109] >> logger=35547 site=90520 channelno=1 datatype=pressure | Missing records is added
2020-02-29 21:41:16,485 	 [INFO | dataimport.py : line 138] >> logger=35547 site=90520 channelno=1 datatype=pressure | Connect to mysql db succeed
2020-02-29 21:41:16,492 	 [INFO | dataimport.py : line 166] >> logger=35547 site=90520 channelno=1 datatype=pressure | Data is loaded
2020-02-29 21:41:16,495 	 [INFO | dataimport.py : line 181] >> logger=35547 site=90520 channelno=1 datatype=pressure | Disconnect from mysql db succeed
2020-02-29 21:41:16,499 	 [INFO | run_locally.py : line 103] >> logger=35547 site=90520 channelno=1 datatype=pressure | File is removed
2020-02-29 21:41:31,225 	 [INFO | dataimport.py : line 44] >> logger=35548 site=90521 channelno=1 datatype=pressure | Data is downloaded
2020-02-29 21:41:31,590 	 [INFO | dataimport.py : line 109] >> logger=35548 site=90521 channelno=1 datatype=pressure | Missing records is added
2020-02-29 21:41:31,614 	 [INFO | dataimport.py : line 138] >> logger=35548 site=90521 channelno=1 datatype=pressure | Connect to mysql db succeed
2020-02-29 21:41:36,501 	 [INFO | dataimport.py : line 166] >> logger=35548 site=90521 channelno=1 datatype=pressure | Data is loaded
2020-02-29 21:41:36,502 	 [INFO | dataimport.py : line 181] >> logger=35548 site=90521 channelno=1 datatype=pressure | Disconnect from mysql db succeed
2020-02-29 21:41:36,505 	 [INFO | run_locally.py : line 103] >> logger=35548 site=90521 channelno=1 datatype=pressure | File is removed
2020-02-29 21:41:51,429 	 [INFO | dataimport.py : line 44] >> logger=35711 site=90522 channelno=1 datatype=pressure | Data is downloaded
2020-02-29 21:41:51,842 	 [INFO | dataimport.py : line 109] >> logger=35711 site=90522 channelno=1 datatype=pressure | Missing records is added
2020-02-29 21:41:51,861 	 [INFO | dataimport.py : line 138] >> logger=35711 site=90522 channelno=1 datatype=pressure | Connect to mysql db succeed
2020-02-29 21:41:56,932 	 [INFO | dataimport.py : line 166] >> logger=35711 site=90522 channelno=1 datatype=pressure | Data is loaded
2020-02-29 21:41:56,933 	 [INFO | dataimport.py : line 181] >> logger=35711 site=90522 channelno=1 datatype=pressure | Disconnect from mysql db succeed
2020-02-29 21:41:56,935 	 [INFO | run_locally.py : line 103] >> logger=35711 site=90522 channelno=1 datatype=pressure | File is removed
2020-02-29 21:42:12,341 	 [INFO | dataimport.py : line 44] >> logger=35715 site=90523 channelno=1 datatype=pressure | Data is downloaded
2020-02-29 21:42:12,762 	 [INFO | dataimport.py : line 109] >> logger=35715 site=90523 channelno=1 datatype=pressure | Missing records is added
2020-02-29 21:42:12,783 	 [INFO | dataimport.py : line 138] >> logger=35715 site=90523 channelno=1 datatype=pressure | Connect to mysql db succeed
2020-02-29 21:42:18,115 	 [INFO | dataimport.py : line 166] >> logger=35715 site=90523 channelno=1 datatype=pressure | Data is loaded
2020-02-29 21:42:18,116 	 [INFO | dataimport.py : line 181] >> logger=35715 site=90523 channelno=1 datatype=pressure | Disconnect from mysql db succeed
2020-02-29 21:42:18,118 	 [INFO | run_locally.py : line 103] >> logger=35715 site=90523 channelno=1 datatype=pressure | File is removed
2020-02-29 21:42:35,161 	 [INFO | dataimport.py : line 44] >> logger=37617 site=03805_PRV channelno=1 datatype=pressure | Data is downloaded
2020-02-29 21:42:35,588 	 [INFO | dataimport.py : line 109] >> logger=37617 site=03805_PRV channelno=1 datatype=pressure | Missing records is added
2020-02-29 21:42:35,613 	 [INFO | dataimport.py : line 138] >> logger=37617 site=03805_PRV channelno=1 datatype=pressure | Connect to mysql db succeed
2020-02-29 21:42:40,651 	 [INFO | dataimport.py : line 166] >> logger=37617 site=03805_PRV channelno=1 datatype=pressure | Data is loaded
2020-02-29 21:42:40,652 	 [INFO | dataimport.py : line 181] >> logger=37617 site=03805_PRV channelno=1 datatype=pressure | Disconnect from mysql db succeed
2020-02-29 21:42:40,654 	 [INFO | run_locally.py : line 103] >> logger=37617 site=03805_PRV channelno=1 datatype=pressure | File is removed
2020-02-29 21:42:57,357 	 [INFO | dataimport.py : line 44] >> logger=37617 site=03805_PRV channelno=3 datatype=pressure | Data is downloaded
2020-02-29 21:42:57,862 	 [INFO | dataimport.py : line 109] >> logger=37617 site=03805_PRV channelno=3 datatype=pressure | Missing records is added
2020-02-29 21:42:57,886 	 [INFO | dataimport.py : line 138] >> logger=37617 site=03805_PRV channelno=3 datatype=pressure | Connect to mysql db succeed
2020-02-29 21:43:02,760 	 [INFO | dataimport.py : line 166] >> logger=37617 site=03805_PRV channelno=3 datatype=pressure | Data is loaded
2020-02-29 21:43:02,761 	 [INFO | dataimport.py : line 181] >> logger=37617 site=03805_PRV channelno=3 datatype=pressure | Disconnect from mysql db succeed
2020-02-29 21:43:02,764 	 [INFO | run_locally.py : line 103] >> logger=37617 site=03805_PRV channelno=3 datatype=pressure | File is removed
2020-02-29 21:43:19,109 	 [INFO | dataimport.py : line 44] >> logger=37617 site=03805_PRV channelno=2 datatype=flow | Data is downloaded
2020-02-29 21:43:19,498 	 [INFO | dataimport.py : line 109] >> logger=37617 site=03805_PRV channelno=2 datatype=flow | Missing records is added
2020-02-29 21:43:19,518 	 [INFO | dataimport.py : line 138] >> logger=37617 site=03805_PRV channelno=2 datatype=flow | Connect to mysql db succeed
2020-02-29 21:43:24,774 	 [INFO | dataimport.py : line 166] >> logger=37617 site=03805_PRV channelno=2 datatype=flow | Data is loaded
2020-02-29 21:43:24,776 	 [INFO | dataimport.py : line 181] >> logger=37617 site=03805_PRV channelno=2 datatype=flow | Disconnect from mysql db succeed
2020-02-29 21:43:24,779 	 [INFO | run_locally.py : line 103] >> logger=37617 site=03805_PRV channelno=2 datatype=flow | File is removed
2020-02-29 21:43:41,980 	 [INFO | dataimport.py : line 44] >> logger=37543 site=3807 channelno=1 datatype=flow | Data is downloaded
2020-02-29 21:43:42,474 	 [INFO | dataimport.py : line 109] >> logger=37543 site=3807 channelno=1 datatype=flow | Missing records is added
2020-02-29 21:43:42,496 	 [INFO | dataimport.py : line 138] >> logger=37543 site=3807 channelno=1 datatype=flow | Connect to mysql db succeed
2020-02-29 21:43:47,277 	 [INFO | dataimport.py : line 166] >> logger=37543 site=3807 channelno=1 datatype=flow | Data is loaded
2020-02-29 21:43:47,278 	 [INFO | dataimport.py : line 181] >> logger=37543 site=3807 channelno=1 datatype=flow | Disconnect from mysql db succeed
2020-02-29 21:43:47,280 	 [INFO | run_locally.py : line 103] >> logger=37543 site=3807 channelno=1 datatype=flow | File is removed
2020-02-29 21:44:05,669 	 [INFO | dataimport.py : line 44] >> logger=37592 site=03808_1 channelno=1 datatype=flow | Data is downloaded
2020-02-29 21:44:06,051 	 [INFO | dataimport.py : line 109] >> logger=37592 site=03808_1 channelno=1 datatype=flow | Missing records is added
2020-02-29 21:44:06,077 	 [INFO | dataimport.py : line 138] >> logger=37592 site=03808_1 channelno=1 datatype=flow | Connect to mysql db succeed
2020-02-29 21:44:11,033 	 [INFO | dataimport.py : line 166] >> logger=37592 site=03808_1 channelno=1 datatype=flow | Data is loaded
2020-02-29 21:44:11,037 	 [INFO | dataimport.py : line 181] >> logger=37592 site=03808_1 channelno=1 datatype=flow | Disconnect from mysql db succeed
2020-02-29 21:44:11,040 	 [INFO | run_locally.py : line 103] >> logger=37592 site=03808_1 channelno=1 datatype=flow | File is removed
2020-02-29 21:44:29,092 	 [INFO | dataimport.py : line 44] >> logger=41510 site=03808_2 channelno=1 datatype=flow | Data is downloaded
2020-02-29 21:44:29,396 	 [INFO | dataimport.py : line 109] >> logger=41510 site=03808_2 channelno=1 datatype=flow | Missing records is added
2020-02-29 21:44:29,415 	 [INFO | dataimport.py : line 138] >> logger=41510 site=03808_2 channelno=1 datatype=flow | Connect to mysql db succeed
2020-02-29 21:44:34,327 	 [INFO | dataimport.py : line 166] >> logger=41510 site=03808_2 channelno=1 datatype=flow | Data is loaded
2020-02-29 21:44:34,328 	 [INFO | dataimport.py : line 181] >> logger=41510 site=03808_2 channelno=1 datatype=flow | Disconnect from mysql db succeed
2020-02-29 21:44:34,331 	 [INFO | run_locally.py : line 103] >> logger=41510 site=03808_2 channelno=1 datatype=flow | File is removed
2020-02-29 21:44:52,740 	 [INFO | dataimport.py : line 44] >> logger=37524 site=3809 channelno=1 datatype=flow | Data is downloaded
2020-02-29 21:44:53,014 	 [INFO | dataimport.py : line 109] >> logger=37524 site=3809 channelno=1 datatype=flow | Missing records is added
2020-02-29 21:44:53,034 	 [INFO | dataimport.py : line 138] >> logger=37524 site=3809 channelno=1 datatype=flow | Connect to mysql db succeed
2020-02-29 21:44:57,884 	 [INFO | dataimport.py : line 166] >> logger=37524 site=3809 channelno=1 datatype=flow | Data is loaded
2020-02-29 21:44:57,888 	 [INFO | dataimport.py : line 181] >> logger=37524 site=3809 channelno=1 datatype=flow | Disconnect from mysql db succeed
2020-02-29 21:44:57,892 	 [INFO | run_locally.py : line 103] >> logger=37524 site=3809 channelno=1 datatype=flow | File is removed
2020-02-29 21:45:15,513 	 [INFO | dataimport.py : line 44] >> logger=37529 site=3810 channelno=1 datatype=flow | Data is downloaded
2020-02-29 21:45:15,994 	 [INFO | dataimport.py : line 109] >> logger=37529 site=3810 channelno=1 datatype=flow | Missing records is added
2020-02-29 21:45:16,016 	 [INFO | dataimport.py : line 138] >> logger=37529 site=3810 channelno=1 datatype=flow | Connect to mysql db succeed
2020-02-29 21:45:20,777 	 [INFO | dataimport.py : line 166] >> logger=37529 site=3810 channelno=1 datatype=flow | Data is loaded
2020-02-29 21:45:20,778 	 [INFO | dataimport.py : line 181] >> logger=37529 site=3810 channelno=1 datatype=flow | Disconnect from mysql db succeed
2020-02-29 21:45:20,781 	 [INFO | run_locally.py : line 103] >> logger=37529 site=3810 channelno=1 datatype=flow | File is removed
2020-02-29 21:45:39,068 	 [INFO | dataimport.py : line 44] >> logger=38441 site=3811 channelno=1 datatype=flow | Data is downloaded
2020-02-29 21:45:39,580 	 [INFO | dataimport.py : line 109] >> logger=38441 site=3811 channelno=1 datatype=flow | Missing records is added
2020-02-29 21:45:39,605 	 [INFO | dataimport.py : line 138] >> logger=38441 site=3811 channelno=1 datatype=flow | Connect to mysql db succeed
2020-02-29 21:45:44,639 	 [INFO | dataimport.py : line 166] >> logger=38441 site=3811 channelno=1 datatype=flow | Data is loaded
2020-02-29 21:45:44,641 	 [INFO | dataimport.py : line 181] >> logger=38441 site=3811 channelno=1 datatype=flow | Disconnect from mysql db succeed
2020-02-29 21:45:44,645 	 [INFO | run_locally.py : line 103] >> logger=38441 site=3811 channelno=1 datatype=flow | File is removed
2020-02-29 21:46:03,114 	 [INFO | dataimport.py : line 44] >> logger=37594 site=3812 channelno=1 datatype=flow | Data is downloaded
2020-02-29 21:46:03,467 	 [INFO | dataimport.py : line 109] >> logger=37594 site=3812 channelno=1 datatype=flow | Missing records is added
2020-02-29 21:46:03,489 	 [INFO | dataimport.py : line 138] >> logger=37594 site=3812 channelno=1 datatype=flow | Connect to mysql db succeed
2020-02-29 21:46:08,478 	 [INFO | dataimport.py : line 166] >> logger=37594 site=3812 channelno=1 datatype=flow | Data is loaded
2020-02-29 21:46:08,479 	 [INFO | dataimport.py : line 181] >> logger=37594 site=3812 channelno=1 datatype=flow | Disconnect from mysql db succeed
2020-02-29 21:46:08,482 	 [INFO | run_locally.py : line 103] >> logger=37594 site=3812 channelno=1 datatype=flow | File is removed
2020-02-29 21:46:26,190 	 [INFO | dataimport.py : line 44] >> logger=37548 site=03814_1 channelno=1 datatype=flow | Data is downloaded
2020-02-29 21:46:26,464 	 [INFO | dataimport.py : line 109] >> logger=37548 site=03814_1 channelno=1 datatype=flow | Missing records is added
2020-02-29 21:46:26,486 	 [INFO | dataimport.py : line 138] >> logger=37548 site=03814_1 channelno=1 datatype=flow | Connect to mysql db succeed
2020-02-29 21:46:31,716 	 [INFO | dataimport.py : line 166] >> logger=37548 site=03814_1 channelno=1 datatype=flow | Data is loaded
2020-02-29 21:46:31,718 	 [INFO | dataimport.py : line 181] >> logger=37548 site=03814_1 channelno=1 datatype=flow | Disconnect from mysql db succeed
2020-02-29 21:46:31,721 	 [INFO | run_locally.py : line 103] >> logger=37548 site=03814_1 channelno=1 datatype=flow | File is removed
2020-02-29 21:46:48,583 	 [INFO | dataimport.py : line 44] >> logger=37549 site=03814_2 channelno=1 datatype=flow | Data is downloaded
2020-02-29 21:46:48,938 	 [INFO | dataimport.py : line 109] >> logger=37549 site=03814_2 channelno=1 datatype=flow | Missing records is added
2020-02-29 21:46:48,958 	 [INFO | dataimport.py : line 138] >> logger=37549 site=03814_2 channelno=1 datatype=flow | Connect to mysql db succeed
2020-02-29 21:46:53,715 	 [INFO | dataimport.py : line 166] >> logger=37549 site=03814_2 channelno=1 datatype=flow | Data is loaded
2020-02-29 21:46:53,716 	 [INFO | dataimport.py : line 181] >> logger=37549 site=03814_2 channelno=1 datatype=flow | Disconnect from mysql db succeed
2020-02-29 21:46:53,719 	 [INFO | run_locally.py : line 103] >> logger=37549 site=03814_2 channelno=1 datatype=flow | File is removed
2020-02-29 21:46:53,721 	 [INFO | run_locally.py : line 108] >> Pipeline end
