2020-02-26 09:29:16,264 	 [INFO | test.py : line 30] >> Pipeline start
2020-02-26 09:29:16,265 	 [INFO | test.py : line 34] >> No run mode provided. Run mode defaulted to run_bau
2020-02-26 09:29:30,281 	 [INFO | dataimport.py : line 75] >> site=90515 channelno=1 datatype=pressure  | Data is downloaded
2020-02-26 09:29:44,172 	 [INFO | dataimport.py : line 75] >> site=90516 channelno=1 datatype=pressure  | Data is downloaded
2020-02-26 09:29:58,125 	 [INFO | dataimport.py : line 75] >> site=90517 channelno=1 datatype=pressure  | Data is downloaded
2020-02-26 09:30:12,421 	 [INFO | dataimport.py : line 75] >> site=90518 channelno=1 datatype=pressure  | Data is downloaded
2020-02-26 09:30:26,538 	 [INFO | dataimport.py : line 75] >> site=90519 channelno=1 datatype=pressure  | Data is downloaded
2020-02-26 09:30:40,360 	 [INFO | dataimport.py : line 75] >> site=90520 channelno=1 datatype=pressure  | Data is downloaded
2020-02-26 09:30:54,817 	 [INFO | dataimport.py : line 75] >> site=90521 channelno=1 datatype=pressure  | Data is downloaded
2020-02-26 09:31:09,021 	 [INFO | dataimport.py : line 75] >> site=90522 channelno=1 datatype=pressure  | Data is downloaded
2020-02-26 09:31:23,223 	 [INFO | dataimport.py : line 75] >> site=90523 channelno=1 datatype=pressure  | Data is downloaded
2020-02-26 09:31:39,110 	 [INFO | dataimport.py : line 75] >> site=03805_PRV channelno=1 datatype=pressure  | Data is downloaded
2020-02-26 09:31:54,965 	 [INFO | dataimport.py : line 75] >> site=03805_PRV channelno=3 datatype=pressure  | Data is downloaded
2020-02-26 09:32:11,799 	 [INFO | dataimport.py : line 75] >> site=03805_PRV channelno=2 datatype=flow  | Data is downloaded
2020-02-26 09:32:27,970 	 [INFO | dataimport.py : line 75] >> site=3807 channelno=1 datatype=flow  | Data is downloaded
2020-02-26 09:32:44,569 	 [INFO | dataimport.py : line 75] >> site=03808_1 channelno=1 datatype=flow  | Data is downloaded
2020-02-26 09:33:00,974 	 [INFO | dataimport.py : line 75] >> site=03808_2 channelno=1 datatype=flow  | Data is downloaded
2020-02-26 09:33:17,214 	 [INFO | dataimport.py : line 75] >> site=3809 channelno=1 datatype=flow  | Data is downloaded
2020-02-26 09:33:33,724 	 [INFO | dataimport.py : line 75] >> site=3810 channelno=1 datatype=flow  | Data is downloaded
2020-02-26 09:33:50,077 	 [INFO | dataimport.py : line 75] >> site=3811 channelno=1 datatype=flow  | Data is downloaded
2020-02-26 09:34:06,351 	 [INFO | dataimport.py : line 75] >> site=3812 channelno=1 datatype=flow  | Data is downloaded
2020-02-26 09:34:22,303 	 [INFO | dataimport.py : line 75] >> site=03814_1 channelno=1 datatype=flow  | Data is downloaded
2020-02-26 09:34:38,524 	 [INFO | dataimport.py : line 75] >> site=03814_2 channelno=1 datatype=flow  | Data is downloaded
2020-02-26 09:34:38,527 	 [INFO | test.py : line 65] >> Pipeline end
