2020-02-25 21:29:42,879 	 [INFO | test.py : line 30] >> Pipeline start
2020-02-25 21:29:42,882 	 [INFO | test.py : line 34] >> No run mode provided. Run mode defaulted to run_bau
2020-02-25 21:30:00,136 	 [INFO | dataimport.py : line 75] >> site=90515 channelno=1 datatype=pressure  | Data is downloaded
2020-02-25 21:30:17,549 	 [INFO | dataimport.py : line 75] >> site=90516 channelno=1 datatype=pressure  | Data is downloaded
2020-02-25 21:30:34,671 	 [INFO | dataimport.py : line 75] >> site=90517 channelno=1 datatype=pressure  | Data is downloaded
2020-02-25 21:30:52,423 	 [INFO | dataimport.py : line 75] >> site=90518 channelno=1 datatype=pressure  | Data is downloaded
2020-02-25 21:31:10,283 	 [INFO | dataimport.py : line 75] >> site=90519 channelno=1 datatype=pressure  | Data is downloaded
2020-02-25 21:31:27,745 	 [INFO | dataimport.py : line 75] >> site=90520 channelno=1 datatype=pressure  | Data is downloaded
2020-02-25 21:31:44,783 	 [INFO | dataimport.py : line 75] >> site=90521 channelno=1 datatype=pressure  | Data is downloaded
2020-02-25 21:32:02,301 	 [INFO | dataimport.py : line 75] >> site=90522 channelno=1 datatype=pressure  | Data is downloaded
2020-02-25 21:32:19,908 	 [INFO | dataimport.py : line 75] >> site=90523 channelno=1 datatype=pressure  | Data is downloaded
2020-02-25 21:32:39,440 	 [INFO | dataimport.py : line 75] >> site=03805_PRV channelno=1 datatype=pressure  | Data is downloaded
2020-02-25 21:32:58,548 	 [INFO | dataimport.py : line 75] >> site=03805_PRV channelno=3 datatype=pressure  | Data is downloaded
2020-02-25 21:33:17,701 	 [INFO | dataimport.py : line 75] >> site=03805_PRV channelno=2 datatype=flow  | Data is downloaded
2020-02-25 21:33:36,920 	 [INFO | dataimport.py : line 75] >> site=3807 channelno=1 datatype=flow  | Data is downloaded
2020-02-25 21:33:56,701 	 [INFO | dataimport.py : line 75] >> site=03808_1 channelno=1 datatype=flow  | Data is downloaded
2020-02-25 21:34:16,364 	 [INFO | dataimport.py : line 75] >> site=03808_2 channelno=1 datatype=flow  | Data is downloaded
2020-02-25 21:34:36,222 	 [INFO | dataimport.py : line 75] >> site=3809 channelno=1 datatype=flow  | Data is downloaded
2020-02-25 21:34:56,280 	 [INFO | dataimport.py : line 75] >> site=3810 channelno=1 datatype=flow  | Data is downloaded
2020-02-25 21:35:15,852 	 [INFO | dataimport.py : line 75] >> site=3811 channelno=1 datatype=flow  | Data is downloaded
2020-02-25 21:35:34,794 	 [INFO | dataimport.py : line 75] >> site=3812 channelno=1 datatype=flow  | Data is downloaded
2020-02-25 21:35:53,638 	 [INFO | dataimport.py : line 75] >> site=03814_1 channelno=1 datatype=flow  | Data is downloaded
2020-02-25 21:36:13,348 	 [INFO | dataimport.py : line 75] >> site=03814_2 channelno=1 datatype=flow  | Data is downloaded
2020-02-25 21:36:13,355 	 [INFO | test.py : line 66] >> Pipeline end
