2020-02-29 20:29:02,619 	 [INFO | run_locally.py : line 30] >> Pipeline start
2020-02-29 20:29:02,620 	 [INFO | run_locally.py : line 45] >> Using this configuration file = utils/configuration_files.csv
2020-02-29 20:29:02,654 	 [INFO | run_locally.py : line 62] >> Using this database = dpm-solution
2020-02-29 20:29:16,952 	 [INFO | dataimport.py : line 44] >> logger=35619 site=90515 channelno=1 datatype=pressure | Data is downloaded
2020-02-29 20:29:17,236 	 [INFO | dataimport.py : line 109] >> logger=35619 site=90515 channelno=1 datatype=pressure | Missing records is added
2020-02-29 20:29:17,256 	 [INFO | dataimport.py : line 138] >> logger=35619 site=90515 channelno=1 datatype=pressure | Connect to mysql db succeed
2020-02-29 20:29:22,401 	 [INFO | dataimport.py : line 166] >> logger=35619 site=90515 channelno=1 datatype=pressure | Data is loaded
2020-02-29 20:29:22,412 	 [INFO | dataimport.py : line 181] >> logger=35619 site=90515 channelno=1 datatype=pressure | Disconnect from mysql db succeed
2020-02-29 20:29:22,414 	 [INFO | run_locally.py : line 103] >> logger=35619 site=90515 channelno=1 datatype=pressure | File is removed
2020-02-29 20:29:36,877 	 [INFO | dataimport.py : line 44] >> logger=35618 site=90516 channelno=1 datatype=pressure | Data is downloaded
2020-02-29 20:29:37,222 	 [INFO | dataimport.py : line 109] >> logger=35618 site=90516 channelno=1 datatype=pressure | Missing records is added
2020-02-29 20:29:37,242 	 [INFO | dataimport.py : line 138] >> logger=35618 site=90516 channelno=1 datatype=pressure | Connect to mysql db succeed
2020-02-29 20:29:43,003 	 [INFO | dataimport.py : line 166] >> logger=35618 site=90516 channelno=1 datatype=pressure | Data is loaded
2020-02-29 20:29:43,005 	 [INFO | dataimport.py : line 181] >> logger=35618 site=90516 channelno=1 datatype=pressure | Disconnect from mysql db succeed
2020-02-29 20:29:43,006 	 [INFO | run_locally.py : line 103] >> logger=35618 site=90516 channelno=1 datatype=pressure | File is removed
2020-02-29 20:29:57,326 	 [INFO | dataimport.py : line 44] >> logger=35617 site=90517 channelno=1 datatype=pressure | Data is downloaded
2020-02-29 20:29:57,708 	 [INFO | dataimport.py : line 109] >> logger=35617 site=90517 channelno=1 datatype=pressure | Missing records is added
2020-02-29 20:29:57,733 	 [INFO | dataimport.py : line 138] >> logger=35617 site=90517 channelno=1 datatype=pressure | Connect to mysql db succeed
2020-02-29 20:30:03,391 	 [INFO | dataimport.py : line 166] >> logger=35617 site=90517 channelno=1 datatype=pressure | Data is loaded
2020-02-29 20:30:03,393 	 [INFO | dataimport.py : line 181] >> logger=35617 site=90517 channelno=1 datatype=pressure | Disconnect from mysql db succeed
2020-02-29 20:30:03,395 	 [INFO | run_locally.py : line 103] >> logger=35617 site=90517 channelno=1 datatype=pressure | File is removed
2020-02-29 20:30:17,819 	 [INFO | dataimport.py : line 44] >> logger=35552 site=90518 channelno=1 datatype=pressure | Data is downloaded
2020-02-29 20:30:18,180 	 [INFO | dataimport.py : line 109] >> logger=35552 site=90518 channelno=1 datatype=pressure | Missing records is added
2020-02-29 20:30:18,203 	 [INFO | dataimport.py : line 138] >> logger=35552 site=90518 channelno=1 datatype=pressure | Connect to mysql db succeed
2020-02-29 20:30:24,149 	 [INFO | dataimport.py : line 166] >> logger=35552 site=90518 channelno=1 datatype=pressure | Data is loaded
2020-02-29 20:30:24,151 	 [INFO | dataimport.py : line 181] >> logger=35552 site=90518 channelno=1 datatype=pressure | Disconnect from mysql db succeed
2020-02-29 20:30:24,153 	 [INFO | run_locally.py : line 103] >> logger=35552 site=90518 channelno=1 datatype=pressure | File is removed
2020-02-29 20:30:39,654 	 [INFO | dataimport.py : line 44] >> logger=35553 site=90519 channelno=1 datatype=pressure | Data is downloaded
2020-02-29 20:30:39,972 	 [INFO | dataimport.py : line 109] >> logger=35553 site=90519 channelno=1 datatype=pressure | Missing records is added
2020-02-29 20:30:39,992 	 [INFO | dataimport.py : line 138] >> logger=35553 site=90519 channelno=1 datatype=pressure | Connect to mysql db succeed
2020-02-29 20:30:46,125 	 [INFO | dataimport.py : line 166] >> logger=35553 site=90519 channelno=1 datatype=pressure | Data is loaded
2020-02-29 20:30:46,129 	 [INFO | dataimport.py : line 181] >> logger=35553 site=90519 channelno=1 datatype=pressure | Disconnect from mysql db succeed
2020-02-29 20:30:46,132 	 [INFO | run_locally.py : line 103] >> logger=35553 site=90519 channelno=1 datatype=pressure | File is removed
2020-02-29 20:31:00,172 	 [INFO | dataimport.py : line 44] >> logger=35547 site=90520 channelno=1 datatype=pressure | Data is downloaded
2020-02-29 20:31:00,189 	 [INFO | dataimport.py : line 109] >> logger=35547 site=90520 channelno=1 datatype=pressure | Missing records is added
2020-02-29 20:31:00,264 	 [INFO | dataimport.py : line 138] >> logger=35547 site=90520 channelno=1 datatype=pressure | Connect to mysql db succeed
2020-02-29 20:31:00,268 	 [INFO | dataimport.py : line 166] >> logger=35547 site=90520 channelno=1 datatype=pressure | Data is loaded
2020-02-29 20:31:00,270 	 [INFO | dataimport.py : line 181] >> logger=35547 site=90520 channelno=1 datatype=pressure | Disconnect from mysql db succeed
2020-02-29 20:31:00,273 	 [INFO | run_locally.py : line 103] >> logger=35547 site=90520 channelno=1 datatype=pressure | File is removed
2020-02-29 20:31:14,659 	 [INFO | dataimport.py : line 44] >> logger=35548 site=90521 channelno=1 datatype=pressure | Data is downloaded
2020-02-29 20:31:15,048 	 [INFO | dataimport.py : line 109] >> logger=35548 site=90521 channelno=1 datatype=pressure | Missing records is added
2020-02-29 20:31:15,070 	 [INFO | dataimport.py : line 138] >> logger=35548 site=90521 channelno=1 datatype=pressure | Connect to mysql db succeed
2020-02-29 20:31:20,625 	 [INFO | dataimport.py : line 166] >> logger=35548 site=90521 channelno=1 datatype=pressure | Data is loaded
2020-02-29 20:31:20,626 	 [INFO | dataimport.py : line 181] >> logger=35548 site=90521 channelno=1 datatype=pressure | Disconnect from mysql db succeed
2020-02-29 20:31:20,631 	 [INFO | run_locally.py : line 103] >> logger=35548 site=90521 channelno=1 datatype=pressure | File is removed
2020-02-29 20:31:34,912 	 [INFO | dataimport.py : line 44] >> logger=35711 site=90522 channelno=1 datatype=pressure | Data is downloaded
2020-02-29 20:31:35,376 	 [INFO | dataimport.py : line 109] >> logger=35711 site=90522 channelno=1 datatype=pressure | Missing records is added
2020-02-29 20:31:35,397 	 [INFO | dataimport.py : line 138] >> logger=35711 site=90522 channelno=1 datatype=pressure | Connect to mysql db succeed
2020-02-29 20:31:40,685 	 [INFO | dataimport.py : line 166] >> logger=35711 site=90522 channelno=1 datatype=pressure | Data is loaded
2020-02-29 20:31:40,686 	 [INFO | dataimport.py : line 181] >> logger=35711 site=90522 channelno=1 datatype=pressure | Disconnect from mysql db succeed
2020-02-29 20:31:40,689 	 [INFO | run_locally.py : line 103] >> logger=35711 site=90522 channelno=1 datatype=pressure | File is removed
2020-02-29 20:31:56,503 	 [INFO | dataimport.py : line 44] >> logger=35715 site=90523 channelno=1 datatype=pressure | Data is downloaded
2020-02-29 20:31:57,040 	 [INFO | dataimport.py : line 109] >> logger=35715 site=90523 channelno=1 datatype=pressure | Missing records is added
2020-02-29 20:31:57,072 	 [INFO | dataimport.py : line 138] >> logger=35715 site=90523 channelno=1 datatype=pressure | Connect to mysql db succeed
2020-02-29 20:32:02,674 	 [INFO | dataimport.py : line 166] >> logger=35715 site=90523 channelno=1 datatype=pressure | Data is loaded
2020-02-29 20:32:02,676 	 [INFO | dataimport.py : line 181] >> logger=35715 site=90523 channelno=1 datatype=pressure | Disconnect from mysql db succeed
2020-02-29 20:32:02,677 	 [INFO | run_locally.py : line 103] >> logger=35715 site=90523 channelno=1 datatype=pressure | File is removed
2020-02-29 20:32:19,103 	 [INFO | dataimport.py : line 44] >> logger=37617 site=03805_PRV channelno=1 datatype=pressure | Data is downloaded
2020-02-29 20:32:19,553 	 [INFO | dataimport.py : line 109] >> logger=37617 site=03805_PRV channelno=1 datatype=pressure | Missing records is added
2020-02-29 20:32:19,578 	 [INFO | dataimport.py : line 138] >> logger=37617 site=03805_PRV channelno=1 datatype=pressure | Connect to mysql db succeed
2020-02-29 20:32:25,061 	 [INFO | dataimport.py : line 166] >> logger=37617 site=03805_PRV channelno=1 datatype=pressure | Data is loaded
2020-02-29 20:32:25,062 	 [INFO | dataimport.py : line 181] >> logger=37617 site=03805_PRV channelno=1 datatype=pressure | Disconnect from mysql db succeed
2020-02-29 20:32:25,064 	 [INFO | run_locally.py : line 103] >> logger=37617 site=03805_PRV channelno=1 datatype=pressure | File is removed
2020-02-29 20:32:41,211 	 [INFO | dataimport.py : line 44] >> logger=37617 site=03805_PRV channelno=3 datatype=pressure | Data is downloaded
2020-02-29 20:32:41,609 	 [INFO | dataimport.py : line 109] >> logger=37617 site=03805_PRV channelno=3 datatype=pressure | Missing records is added
2020-02-29 20:32:41,631 	 [INFO | dataimport.py : line 138] >> logger=37617 site=03805_PRV channelno=3 datatype=pressure | Connect to mysql db succeed
2020-02-29 20:32:47,891 	 [INFO | dataimport.py : line 166] >> logger=37617 site=03805_PRV channelno=3 datatype=pressure | Data is loaded
2020-02-29 20:32:47,893 	 [INFO | dataimport.py : line 181] >> logger=37617 site=03805_PRV channelno=3 datatype=pressure | Disconnect from mysql db succeed
2020-02-29 20:32:47,895 	 [INFO | run_locally.py : line 103] >> logger=37617 site=03805_PRV channelno=3 datatype=pressure | File is removed
2020-02-29 20:33:04,166 	 [INFO | dataimport.py : line 44] >> logger=37617 site=03805_PRV channelno=2 datatype=flow | Data is downloaded
2020-02-29 20:33:04,409 	 [INFO | dataimport.py : line 109] >> logger=37617 site=03805_PRV channelno=2 datatype=flow | Missing records is added
2020-02-29 20:33:04,429 	 [INFO | dataimport.py : line 138] >> logger=37617 site=03805_PRV channelno=2 datatype=flow | Connect to mysql db succeed
2020-02-29 20:33:10,115 	 [INFO | dataimport.py : line 166] >> logger=37617 site=03805_PRV channelno=2 datatype=flow | Data is loaded
2020-02-29 20:33:10,117 	 [INFO | dataimport.py : line 181] >> logger=37617 site=03805_PRV channelno=2 datatype=flow | Disconnect from mysql db succeed
2020-02-29 20:33:10,118 	 [INFO | run_locally.py : line 103] >> logger=37617 site=03805_PRV channelno=2 datatype=flow | File is removed
2020-02-29 20:33:26,500 	 [INFO | dataimport.py : line 44] >> logger=37543 site=3807 channelno=1 datatype=flow | Data is downloaded
2020-02-29 20:33:26,792 	 [INFO | dataimport.py : line 109] >> logger=37543 site=3807 channelno=1 datatype=flow | Missing records is added
2020-02-29 20:33:26,813 	 [INFO | dataimport.py : line 138] >> logger=37543 site=3807 channelno=1 datatype=flow | Connect to mysql db succeed
2020-02-29 20:33:32,768 	 [INFO | dataimport.py : line 166] >> logger=37543 site=3807 channelno=1 datatype=flow | Data is loaded
2020-02-29 20:33:32,769 	 [INFO | dataimport.py : line 181] >> logger=37543 site=3807 channelno=1 datatype=flow | Disconnect from mysql db succeed
2020-02-29 20:33:32,770 	 [INFO | run_locally.py : line 103] >> logger=37543 site=3807 channelno=1 datatype=flow | File is removed
2020-02-29 20:33:50,531 	 [INFO | dataimport.py : line 44] >> logger=37592 site=03808_1 channelno=1 datatype=flow | Data is downloaded
2020-02-29 20:33:50,981 	 [INFO | dataimport.py : line 109] >> logger=37592 site=03808_1 channelno=1 datatype=flow | Missing records is added
2020-02-29 20:33:51,004 	 [INFO | dataimport.py : line 138] >> logger=37592 site=03808_1 channelno=1 datatype=flow | Connect to mysql db succeed
2020-02-29 20:33:56,960 	 [INFO | dataimport.py : line 166] >> logger=37592 site=03808_1 channelno=1 datatype=flow | Data is loaded
2020-02-29 20:33:56,961 	 [INFO | dataimport.py : line 181] >> logger=37592 site=03808_1 channelno=1 datatype=flow | Disconnect from mysql db succeed
2020-02-29 20:33:56,962 	 [INFO | run_locally.py : line 103] >> logger=37592 site=03808_1 channelno=1 datatype=flow | File is removed
2020-02-29 20:34:15,115 	 [INFO | dataimport.py : line 44] >> logger=41510 site=03808_2 channelno=1 datatype=flow | Data is downloaded
2020-02-29 20:34:15,421 	 [INFO | dataimport.py : line 109] >> logger=41510 site=03808_2 channelno=1 datatype=flow | Missing records is added
2020-02-29 20:34:15,444 	 [INFO | dataimport.py : line 138] >> logger=41510 site=03808_2 channelno=1 datatype=flow | Connect to mysql db succeed
2020-02-29 20:34:21,066 	 [INFO | dataimport.py : line 166] >> logger=41510 site=03808_2 channelno=1 datatype=flow | Data is loaded
2020-02-29 20:34:21,068 	 [INFO | dataimport.py : line 181] >> logger=41510 site=03808_2 channelno=1 datatype=flow | Disconnect from mysql db succeed
2020-02-29 20:34:21,070 	 [INFO | run_locally.py : line 103] >> logger=41510 site=03808_2 channelno=1 datatype=flow | File is removed
2020-02-29 20:34:37,670 	 [INFO | dataimport.py : line 44] >> logger=37524 site=3809 channelno=1 datatype=flow | Data is downloaded
2020-02-29 20:34:38,014 	 [INFO | dataimport.py : line 109] >> logger=37524 site=3809 channelno=1 datatype=flow | Missing records is added
2020-02-29 20:34:38,037 	 [INFO | dataimport.py : line 138] >> logger=37524 site=3809 channelno=1 datatype=flow | Connect to mysql db succeed
2020-02-29 20:34:42,623 	 [INFO | dataimport.py : line 166] >> logger=37524 site=3809 channelno=1 datatype=flow | Data is loaded
2020-02-29 20:34:42,625 	 [INFO | dataimport.py : line 181] >> logger=37524 site=3809 channelno=1 datatype=flow | Disconnect from mysql db succeed
2020-02-29 20:34:42,626 	 [INFO | run_locally.py : line 103] >> logger=37524 site=3809 channelno=1 datatype=flow | File is removed
2020-02-29 20:34:59,505 	 [INFO | dataimport.py : line 44] >> logger=37529 site=3810 channelno=1 datatype=flow | Data is downloaded
2020-02-29 20:34:59,820 	 [INFO | dataimport.py : line 109] >> logger=37529 site=3810 channelno=1 datatype=flow | Missing records is added
2020-02-29 20:34:59,843 	 [INFO | dataimport.py : line 138] >> logger=37529 site=3810 channelno=1 datatype=flow | Connect to mysql db succeed
2020-02-29 20:35:04,108 	 [INFO | dataimport.py : line 166] >> logger=37529 site=3810 channelno=1 datatype=flow | Data is loaded
2020-02-29 20:35:04,111 	 [INFO | dataimport.py : line 181] >> logger=37529 site=3810 channelno=1 datatype=flow | Disconnect from mysql db succeed
2020-02-29 20:35:04,114 	 [INFO | run_locally.py : line 103] >> logger=37529 site=3810 channelno=1 datatype=flow | File is removed
2020-02-29 20:35:20,650 	 [INFO | dataimport.py : line 44] >> logger=38441 site=3811 channelno=1 datatype=flow | Data is downloaded
2020-02-29 20:35:21,029 	 [INFO | dataimport.py : line 109] >> logger=38441 site=3811 channelno=1 datatype=flow | Missing records is added
2020-02-29 20:35:21,052 	 [INFO | dataimport.py : line 138] >> logger=38441 site=3811 channelno=1 datatype=flow | Connect to mysql db succeed
2020-02-29 20:35:27,596 	 [INFO | dataimport.py : line 166] >> logger=38441 site=3811 channelno=1 datatype=flow | Data is loaded
2020-02-29 20:35:27,598 	 [INFO | dataimport.py : line 181] >> logger=38441 site=3811 channelno=1 datatype=flow | Disconnect from mysql db succeed
2020-02-29 20:35:27,601 	 [INFO | run_locally.py : line 103] >> logger=38441 site=3811 channelno=1 datatype=flow | File is removed
2020-02-29 20:35:43,997 	 [INFO | dataimport.py : line 44] >> logger=37594 site=3812 channelno=1 datatype=flow | Data is downloaded
2020-02-29 20:35:44,294 	 [INFO | dataimport.py : line 109] >> logger=37594 site=3812 channelno=1 datatype=flow | Missing records is added
2020-02-29 20:35:44,315 	 [INFO | dataimport.py : line 138] >> logger=37594 site=3812 channelno=1 datatype=flow | Connect to mysql db succeed
2020-02-29 20:35:49,027 	 [INFO | dataimport.py : line 166] >> logger=37594 site=3812 channelno=1 datatype=flow | Data is loaded
2020-02-29 20:35:49,029 	 [INFO | dataimport.py : line 181] >> logger=37594 site=3812 channelno=1 datatype=flow | Disconnect from mysql db succeed
2020-02-29 20:35:49,032 	 [INFO | run_locally.py : line 103] >> logger=37594 site=3812 channelno=1 datatype=flow | File is removed
2020-02-29 20:36:06,308 	 [INFO | dataimport.py : line 44] >> logger=37548 site=03814_1 channelno=1 datatype=flow | Data is downloaded
2020-02-29 20:36:06,540 	 [INFO | dataimport.py : line 109] >> logger=37548 site=03814_1 channelno=1 datatype=flow | Missing records is added
2020-02-29 20:36:06,561 	 [INFO | dataimport.py : line 138] >> logger=37548 site=03814_1 channelno=1 datatype=flow | Connect to mysql db succeed
2020-02-29 20:36:10,770 	 [INFO | dataimport.py : line 166] >> logger=37548 site=03814_1 channelno=1 datatype=flow | Data is loaded
2020-02-29 20:36:10,771 	 [INFO | dataimport.py : line 181] >> logger=37548 site=03814_1 channelno=1 datatype=flow | Disconnect from mysql db succeed
2020-02-29 20:36:10,774 	 [INFO | run_locally.py : line 103] >> logger=37548 site=03814_1 channelno=1 datatype=flow | File is removed
2020-02-29 20:36:27,133 	 [INFO | dataimport.py : line 44] >> logger=37549 site=03814_2 channelno=1 datatype=flow | Data is downloaded
2020-02-29 20:36:27,428 	 [INFO | dataimport.py : line 109] >> logger=37549 site=03814_2 channelno=1 datatype=flow | Missing records is added
2020-02-29 20:36:27,448 	 [INFO | dataimport.py : line 138] >> logger=37549 site=03814_2 channelno=1 datatype=flow | Connect to mysql db succeed
2020-02-29 20:36:31,722 	 [INFO | dataimport.py : line 166] >> logger=37549 site=03814_2 channelno=1 datatype=flow | Data is loaded
2020-02-29 20:36:31,723 	 [INFO | dataimport.py : line 181] >> logger=37549 site=03814_2 channelno=1 datatype=flow | Disconnect from mysql db succeed
2020-02-29 20:36:31,725 	 [INFO | run_locally.py : line 103] >> logger=37549 site=03814_2 channelno=1 datatype=flow | File is removed
2020-02-29 20:36:31,728 	 [INFO | run_locally.py : line 108] >> Pipeline end
