2020-02-25 16:20:40,269 	 [INFO | test.py : line 30] >> Pipeline start
2020-02-25 16:20:40,270 	 [INFO | test.py : line 34] >> No run mode provided. Run mode defaulted to run_bau
2020-02-25 16:20:54,269 	 [INFO | dataimport.py : line 75] >> site=90515 channelno=1 datatype=pressure  | Data is downloaded
2020-02-25 16:21:08,259 	 [INFO | dataimport.py : line 75] >> site=90516 channelno=1 datatype=pressure  | Data is downloaded
2020-02-25 16:21:22,148 	 [INFO | dataimport.py : line 75] >> site=90517 channelno=1 datatype=pressure  | Data is downloaded
2020-02-25 16:21:36,139 	 [INFO | dataimport.py : line 75] >> site=90518 channelno=1 datatype=pressure  | Data is downloaded
2020-02-25 16:21:50,042 	 [INFO | dataimport.py : line 75] >> site=90519 channelno=1 datatype=pressure  | Data is downloaded
2020-02-25 16:22:03,709 	 [INFO | dataimport.py : line 75] >> site=90520 channelno=1 datatype=pressure  | Data is downloaded
2020-02-25 16:22:17,688 	 [INFO | dataimport.py : line 75] >> site=90521 channelno=1 datatype=pressure  | Data is downloaded
2020-02-25 16:22:31,623 	 [INFO | dataimport.py : line 75] >> site=90522 channelno=1 datatype=pressure  | Data is downloaded
2020-02-25 16:22:45,625 	 [INFO | dataimport.py : line 75] >> site=90523 channelno=1 datatype=pressure  | Data is downloaded
2020-02-25 16:23:01,473 	 [INFO | dataimport.py : line 75] >> site=03805_PRV channelno=1 datatype=pressure  | Data is downloaded
2020-02-25 16:23:17,372 	 [INFO | dataimport.py : line 75] >> site=03805_PRV channelno=3 datatype=pressure  | Data is downloaded
2020-02-25 16:23:33,077 	 [INFO | dataimport.py : line 75] >> site=03805_PRV channelno=2 datatype=flow  | Data is downloaded
2020-02-25 16:23:48,878 	 [INFO | dataimport.py : line 75] >> site=3807 channelno=1 datatype=flow  | Data is downloaded
2020-02-25 16:24:05,228 	 [INFO | dataimport.py : line 75] >> site=03808_1 channelno=1 datatype=flow  | Data is downloaded
2020-02-25 16:24:21,275 	 [INFO | dataimport.py : line 75] >> site=03808_2 channelno=1 datatype=flow  | Data is downloaded
2020-02-25 16:24:37,188 	 [INFO | dataimport.py : line 75] >> site=3809 channelno=1 datatype=flow  | Data is downloaded
2020-02-25 16:24:53,253 	 [INFO | dataimport.py : line 75] >> site=3810 channelno=1 datatype=flow  | Data is downloaded
2020-02-25 16:25:09,628 	 [INFO | dataimport.py : line 75] >> site=3811 channelno=1 datatype=flow  | Data is downloaded
2020-02-25 16:25:25,558 	 [INFO | dataimport.py : line 75] >> site=3812 channelno=1 datatype=flow  | Data is downloaded
2020-02-25 16:25:41,206 	 [INFO | dataimport.py : line 75] >> site=03814_1 channelno=1 datatype=flow  | Data is downloaded
2020-02-25 16:25:57,225 	 [INFO | dataimport.py : line 75] >> site=03814_2 channelno=1 datatype=flow  | Data is downloaded
2020-02-25 16:25:57,321 	 [INFO | dataimport.py : line 93] >> Connect to mysql db succeed
2020-02-25 16:26:04,555 	 [INFO | dataimport.py : line 151] >> site=90515 channelno=1 datatype=pressure | Data is loaded
2020-02-25 16:26:13,419 	 [INFO | dataimport.py : line 151] >> site=90516 channelno=1 datatype=pressure | Data is loaded
2020-02-25 16:26:19,957 	 [INFO | dataimport.py : line 151] >> site=90517 channelno=1 datatype=pressure | Data is loaded
2020-02-25 16:26:27,924 	 [INFO | dataimport.py : line 151] >> site=90518 channelno=1 datatype=pressure | Data is loaded
2020-02-25 16:26:35,574 	 [INFO | dataimport.py : line 151] >> site=90519 channelno=1 datatype=pressure | Data is loaded
2020-02-25 16:26:35,579 	 [INFO | dataimport.py : line 151] >> site=90520 channelno=1 datatype=pressure | Data is loaded
2020-02-25 16:26:42,480 	 [INFO | dataimport.py : line 151] >> site=90521 channelno=1 datatype=pressure | Data is loaded
2020-02-25 16:26:49,394 	 [INFO | dataimport.py : line 151] >> site=90522 channelno=1 datatype=pressure | Data is loaded
2020-02-25 16:26:56,049 	 [INFO | dataimport.py : line 151] >> site=90523 channelno=1 datatype=pressure | Data is loaded
2020-02-25 16:27:04,532 	 [INFO | dataimport.py : line 151] >> site=03805_PRV channelno=1 datatype=pressure | Data is loaded
2020-02-25 16:27:13,134 	 [INFO | dataimport.py : line 151] >> site=03805_PRV channelno=3 datatype=pressure | Data is loaded
2020-02-25 16:27:19,881 	 [INFO | dataimport.py : line 151] >> site=03805_PRV channelno=2 datatype=flow | Data is loaded
2020-02-25 16:27:27,612 	 [INFO | dataimport.py : line 151] >> site=3807 channelno=1 datatype=flow | Data is loaded
2020-02-25 16:27:33,333 	 [INFO | dataimport.py : line 151] >> site=03808_1 channelno=1 datatype=flow | Data is loaded
2020-02-25 16:27:39,728 	 [INFO | dataimport.py : line 151] >> site=03808_2 channelno=1 datatype=flow | Data is loaded
2020-02-25 16:27:49,046 	 [INFO | dataimport.py : line 151] >> site=3809 channelno=1 datatype=flow | Data is loaded
2020-02-25 16:27:54,277 	 [INFO | dataimport.py : line 151] >> site=3810 channelno=1 datatype=flow | Data is loaded
2020-02-25 16:28:00,141 	 [INFO | dataimport.py : line 151] >> site=3811 channelno=1 datatype=flow | Data is loaded
2020-02-25 16:28:06,087 	 [INFO | dataimport.py : line 151] >> site=3812 channelno=1 datatype=flow | Data is loaded
2020-02-25 16:28:11,529 	 [INFO | dataimport.py : line 151] >> site=03814_1 channelno=1 datatype=flow | Data is loaded
2020-02-25 16:28:17,610 	 [INFO | dataimport.py : line 151] >> site=03814_2 channelno=1 datatype=flow | Data is loaded
2020-02-25 16:28:17,613 	 [INFO | dataimport.py : line 170] >> Disconnect from mysql db succeed
2020-02-25 16:28:17,641 	 [INFO | dataexport.py : line 28] >> Connect to mysql db succeed
2020-02-25 16:28:20,197 	 [INFO | dataexport.py : line 48] >> Data (flow) is exported
2020-02-25 16:28:20,203 	 [INFO | dataexport.py : line 56] >> Disconnect from mysql db succeed
2020-02-25 16:28:20,254 	 [INFO | dataexport.py : line 28] >> Connect to mysql db succeed
2020-02-25 16:28:22,579 	 [INFO | dataexport.py : line 48] >> Data (pressure) is exported
2020-02-25 16:28:22,580 	 [INFO | dataexport.py : line 56] >> Disconnect from mysql db succeed
2020-02-25 16:28:22,593 	 [INFO | test.py : line 66] >> Pipeline end
